
 +++++++++++++++++++++++++++++++++++++++++++++++++++++++++++++++++++
 +  SHELXL -  CRYSTAL STRUCTURE REFINEMENT  -   MULTI-CPU VERSION  +
 +  Copyright(C) George M. Sheldrick 1993-2018     Version 2018/3  +
 +  shelxl                     started at 10:52:42 on 14-Feb-2025  +
 +++++++++++++++++++++++++++++++++++++++++++++++++++++++++++++++++++

 Command line parameters: shelxl -a50000 -b3000 -c624 -g0 -m0 -t24

 -a sets the approximate maximum number of atoms including hydrogens.
 -b sets the maximum number of full-matrix parameters (not used by CGLS).
 For example -b9000 allows refinement of 1000 anisotropic atoms or 3000
 with BLOC 1. For a 32-bit version, -b times the square root of the
 number of threads should not exceed about 65500. -c sets the reflection
 buffer size. This depends on the CPU cache size but will rarely
 need changing.

 -g sets the number of reflection groups used for calculating R_complete,
 This must be greater than 1 but not greater than the total number of
 reflections for refinement. -m sets the current reflection group number.
 This may not be less than 1 nor greater than the number set by -g. These
 command line flags override other ways of defining free-R reflections.
 The -m value is also used as a seed for the WIGL pseudo-random shifts.

 -t sets the number of threads, otherwise it is set to the apparent
 number of CPUs. For optimal performance on hyperthreading systems,
 -t should be set to a little more than half the number of CPUs;
 e.g. -t4 or -t5 for an Intel i7 processor.

 Running 24 threads on 24 processors

  
 TITL XKN in P2(1)
 CELL 0.02508 10.7320 7.2830 11.1070 90.0000 108.0600 90.0000
 ZERR 1 0 0 0 0 0 0
 LATT -1
 SYMM -X,0.5+Y,-Z
 SFAC  C 0.136 0.373 0.548 3.281 1.227 13.046 0.597 41.02 0 0 0 0 0.75 12.011
 SFAC  H 0.037 0.561 0.127 3.791 0.236 13.556 0.129 37.723 0 0 0 0 0.32 1.008
 SFAC  N 0.137 0.329 0.534 2.673 1.086 10.316 0.455 32.763 0 0 0 0 0.71 14.007
 SFAC  O 0.143 0.305 0.51 2.268 0.937 8.262 0.392 25.665 0 0 0 0 0.63 15.999
 UNIT 38 44 4 2

 V =      825.36     F(000) =     131.4     Mu =   0.00 mm-1      Cell Wt =      588.80    Rho =  1.185

  
  
 L.S. 100
 PLAN  50
 CONF
 list 3
 MORE -1
 fmap 2 53
 acta
 WGHT 0.2 0
 FVAR 34.0878
  
  
 N001  3     0.89194  0.34708  0.34022  11.00000  0.05127
 C002  1     0.57245  0.81732  0.58478  11.00000  0.07150
 C003  1     0.69586  0.53957  0.26487  11.00000  0.06268
 C004  1     0.74290  0.61505  0.55338  11.00000  0.05429
 C005  1     0.67675  0.78038  0.53032  11.00000  0.05418
 C10   1     0.71961  0.49343  0.63915  11.00000  0.05244
 O9    4     0.89853  0.73755  0.45085  11.00000  0.06688
 C7    1     0.83999  0.49296  0.13003  11.00000  0.07093
 N13   3     0.54699  0.70354  0.66378  11.00000  0.07088
 C5    1     0.85152  0.57745  0.49083  11.00000  0.05060
 C2    1     0.79787  0.44627  0.38345  11.00000  0.05035
 C3    1     0.83001  0.17633  0.26603  11.00000  0.06624
 C8    1     0.71309  0.44342  0.14937  11.00000  0.07619
 C6    1     0.70907  0.23411  0.16210  11.00000  0.06688
 C4    1     0.93621  0.45721  0.25349  11.00000  0.07528
 C14   1     0.57919  0.40929  0.77252  11.00000  0.07098
 C11   1     0.61508  0.54013  0.68837  11.00000  0.05660
 C16   1     0.64205  0.24618  0.79786  11.00000  0.07568
 C15   1     0.74547  0.19903  0.75282  11.00000  0.06976
 C12   1     0.78255  0.32074  0.67265  11.00000  0.05807
 C00L  1     0.87223  0.75740 -0.00426  11.00000  0.13823
 C1    1     0.85276  0.69373  0.08993  11.00000  0.07093
 HKLF 4
 ** Warning: DISP instructions may be required for this wavelength **



 Covalent radii and connectivity table for  XKN in P2(1)                                                               
 C      0.750
 H      0.320
 N      0.710
 O      0.630

 N001 - C2 C4 C3
 C002 - N13 C005
 C003 - C8 C2
 C004 - C10 C005 C5
 C005 - C004 C002
 C10 - C004 C12 C11
 O9 - C5
 C7 - C4 C8 C1
 N13 - C002 C11
 C5 - O9 C2 C004
 C2 - N001 C5 C003
 C3 - C6 N001
 C8 - C7 C003 C6
 C6 - C3 C8
 C4 - N001 C7
 C14 - C16 C11
 C11 - N13 C10 C14
 C16 - C14 C15
 C15 - C16 C12
 C12 - C15 C10
 C00L - C1
 C1 - C00L C7


 Floating origin restraints generated



     1946  Reflections read, of which       0  rejected

 -10 =< h =< 10,     -7 =< k =<  7,    -11 =< l =< 11,   Max. 2-theta =    1.46

        0  Systematic absence violations (I>3sig(I)) before merging

        0  Inconsistent equivalents

     1285  Unique reflections, of which       0  suppressed

 R(int) = 0.0999     R(sigma) = 0.1616      Friedel opposites not merged

 Maximum memory for data reduction =     1899 /    13403


 Reflection statistics for all twin components combined (TWST 0 set)
 Number of data for d > 0.985A (CIF: max) and d > 0.985A (CIF: full)
 (ignoring systematic absences):
 Unique reflections found (point group)       1285    1284
 Unique reflections possible (point group)    1811    1809
 Unique reflections found (Laue group)         698     697
 Unique reflections possible (Laue group)      996     995
 Unique Friedel pairs found                    587     587
 Unique Friedel pairs possible                 815     814


 ** Cell contents from UNIT instruction and atom list do not agree **


 Unit-cell contents from UNIT instruction and atom list resp.

 C        38.00     38.00
 H        44.00      0.00
 N         4.00      4.00
 O         2.00      2.00


 Least-squares cycle   1   Maximum vector length =  623   Memory required =     29 /   2120 /   143112

 wR2 =  0.4786 before cycle   1 for    1285 data and     89 /     89 parameters

 GooF = S =     1.186;     Restrained GooF =      1.186 for       1 restraints

 Weight = 1 / [ sigma^2(Fo^2) + ( 0.2000 * P )^2 +   0.00 * P ]   where  P = ( Max ( Fo^2, 0 ) + 2 * Fc^2 ) / 3


     N      value        esd    shift/esd  parameter

     1    39.36712     0.97610     5.409    OSF

 Mean shift/esd =   0.720  Maximum =     5.409 for  OSF          

 Max. shift = 0.070 A for C6        Max. dU =-0.015 for C8         


 Least-squares cycle   2   Maximum vector length =  623   Memory required =     29 /   2120 /   143112

 wR2 =  0.4496 before cycle   2 for    1285 data and     89 /     89 parameters

 GooF = S =     1.433;     Restrained GooF =      1.432 for       1 restraints

 Weight = 1 / [ sigma^2(Fo^2) + ( 0.2000 * P )^2 +   0.00 * P ]   where  P = ( Max ( Fo^2, 0 ) + 2 * Fc^2 ) / 3


     N      value        esd    shift/esd  parameter

     1    39.56581     0.90926     0.219    OSF

 Mean shift/esd =   0.314  Maximum =    -1.001 for   x  C6       

 Max. shift = 0.049 A for C1        Max. dU = 0.007 for C00L       


 Least-squares cycle   3   Maximum vector length =  623   Memory required =     29 /   2120 /   143112

 wR2 =  0.4441 before cycle   3 for    1285 data and     89 /     89 parameters

 GooF = S =     1.432;     Restrained GooF =      1.431 for       1 restraints

 Weight = 1 / [ sigma^2(Fo^2) + ( 0.2000 * P )^2 +   0.00 * P ]   where  P = ( Max ( Fo^2, 0 ) + 2 * Fc^2 ) / 3


     N      value        esd    shift/esd  parameter

     1    39.58595     0.89495     0.022    OSF

 Mean shift/esd =   0.102  Maximum =    -0.413 for   x  C7       

 Max. shift = 0.020 A for C1        Max. dU = 0.006 for C00L       


 Least-squares cycle   4   Maximum vector length =  623   Memory required =     29 /   2120 /   143112

 wR2 =  0.4430 before cycle   4 for    1285 data and     89 /     89 parameters

 GooF = S =     1.422;     Restrained GooF =      1.421 for       1 restraints

 Weight = 1 / [ sigma^2(Fo^2) + ( 0.2000 * P )^2 +   0.00 * P ]   where  P = ( Max ( Fo^2, 0 ) + 2 * Fc^2 ) / 3


     N      value        esd    shift/esd  parameter

     1    39.68176     0.89441     0.107    OSF

 Mean shift/esd =   0.047  Maximum =    -0.181 for   x  C7       

 Max. shift = 0.009 A for C1        Max. dU = 0.002 for C00L       


 Least-squares cycle   5   Maximum vector length =  623   Memory required =     29 /   2120 /   143112

 wR2 =  0.4430 before cycle   5 for    1285 data and     89 /     89 parameters

 GooF = S =     1.423;     Restrained GooF =      1.423 for       1 restraints

 Weight = 1 / [ sigma^2(Fo^2) + ( 0.2000 * P )^2 +   0.00 * P ]   where  P = ( Max ( Fo^2, 0 ) + 2 * Fc^2 ) / 3


     N      value        esd    shift/esd  parameter

     1    39.70112     0.89563     0.022    OSF

 Mean shift/esd =   0.022  Maximum =    -0.091 for   x  C1       

 Max. shift = 0.005 A for C1        Max. dU = 0.001 for C00L       


 Least-squares cycle   6   Maximum vector length =  623   Memory required =     29 /   2120 /   143112

 wR2 =  0.4429 before cycle   6 for    1285 data and     89 /     89 parameters

 GooF = S =     1.423;     Restrained GooF =      1.423 for       1 restraints

 Weight = 1 / [ sigma^2(Fo^2) + ( 0.2000 * P )^2 +   0.00 * P ]   where  P = ( Max ( Fo^2, 0 ) + 2 * Fc^2 ) / 3


     N      value        esd    shift/esd  parameter

     1    39.70900     0.89599     0.009    OSF

 Mean shift/esd =   0.013  Maximum =    -0.056 for   x  C1       

 Max. shift = 0.003 A for C1        Max. dU = 0.001 for C00L       


 Least-squares cycle   7   Maximum vector length =  623   Memory required =     29 /   2120 /   143112

 wR2 =  0.4429 before cycle   7 for    1285 data and     89 /     89 parameters

 GooF = S =     1.423;     Restrained GooF =      1.423 for       1 restraints

 Weight = 1 / [ sigma^2(Fo^2) + ( 0.2000 * P )^2 +   0.00 * P ]   where  P = ( Max ( Fo^2, 0 ) + 2 * Fc^2 ) / 3


     N      value        esd    shift/esd  parameter

     1    39.71262     0.89614     0.004    OSF

 Mean shift/esd =   0.008  Maximum =    -0.036 for   x  C1       

 Max. shift = 0.002 A for C1        Max. dU = 0.000 for C00L       


 Least-squares cycle   8   Maximum vector length =  623   Memory required =     29 /   2120 /   143112

 wR2 =  0.4429 before cycle   8 for    1285 data and     89 /     89 parameters

 GooF = S =     1.423;     Restrained GooF =      1.423 for       1 restraints

 Weight = 1 / [ sigma^2(Fo^2) + ( 0.2000 * P )^2 +   0.00 * P ]   where  P = ( Max ( Fo^2, 0 ) + 2 * Fc^2 ) / 3


     N      value        esd    shift/esd  parameter

     1    39.71450     0.89619     0.002    OSF

 Mean shift/esd =   0.005  Maximum =    -0.023 for   x  C1       

 Max. shift = 0.001 A for C1        Max. dU = 0.000 for C00L       


 Least-squares cycle   9   Maximum vector length =  623   Memory required =     29 /   2120 /   143112

 wR2 =  0.4429 before cycle   9 for    1285 data and     89 /     89 parameters

 GooF = S =     1.423;     Restrained GooF =      1.423 for       1 restraints

 Weight = 1 / [ sigma^2(Fo^2) + ( 0.2000 * P )^2 +   0.00 * P ]   where  P = ( Max ( Fo^2, 0 ) + 2 * Fc^2 ) / 3


     N      value        esd    shift/esd  parameter

     1    39.71559     0.89621     0.001    OSF

 Mean shift/esd =   0.004  Maximum =    -0.015 for   x  C1       

 Max. shift = 0.001 A for C1        Max. dU = 0.000 for C3         


 Least-squares cycle  10   Maximum vector length =  623   Memory required =     29 /   2120 /   143112

 wR2 =  0.4429 before cycle  10 for    1285 data and     89 /     89 parameters

 GooF = S =     1.423;     Restrained GooF =      1.423 for       1 restraints

 Weight = 1 / [ sigma^2(Fo^2) + ( 0.2000 * P )^2 +   0.00 * P ]   where  P = ( Max ( Fo^2, 0 ) + 2 * Fc^2 ) / 3


     N      value        esd    shift/esd  parameter

     1    39.71630     0.89621     0.001    OSF

 Mean shift/esd =   0.003  Maximum =    -0.011 for   x  C1       

 Max. shift = 0.001 A for C1        Max. dU = 0.000 for C3         


 Least-squares cycle  11   Maximum vector length =  623   Memory required =     29 /   2120 /   143112

 wR2 =  0.4429 before cycle  11 for    1285 data and     89 /     89 parameters

 GooF = S =     1.423;     Restrained GooF =      1.423 for       1 restraints

 Weight = 1 / [ sigma^2(Fo^2) + ( 0.2000 * P )^2 +   0.00 * P ]   where  P = ( Max ( Fo^2, 0 ) + 2 * Fc^2 ) / 3


     N      value        esd    shift/esd  parameter

     1    39.71672     0.89621     0.000    OSF

 Mean shift/esd =   0.002  Maximum =    -0.007 for   x  C1       

 Max. shift = 0.000 A for C1        Max. dU = 0.000 for C3         


 Least-squares cycle  12   Maximum vector length =  623   Memory required =     29 /   2120 /   143112

 wR2 =  0.4429 before cycle  12 for    1285 data and     89 /     89 parameters

 GooF = S =     1.423;     Restrained GooF =      1.423 for       1 restraints

 Weight = 1 / [ sigma^2(Fo^2) + ( 0.2000 * P )^2 +   0.00 * P ]   where  P = ( Max ( Fo^2, 0 ) + 2 * Fc^2 ) / 3


     N      value        esd    shift/esd  parameter

     1    39.71702     0.89621     0.000    OSF

 Mean shift/esd =   0.001  Maximum =    -0.005 for   x  C1       

 Max. shift = 0.000 A for C1        Max. dU = 0.000 for C3         


 Least-squares cycle  13   Maximum vector length =  623   Memory required =     29 /   2120 /   143112

 wR2 =  0.4429 before cycle  13 for    1285 data and     89 /     89 parameters

 GooF = S =     1.423;     Restrained GooF =      1.423 for       1 restraints

 Weight = 1 / [ sigma^2(Fo^2) + ( 0.2000 * P )^2 +   0.00 * P ]   where  P = ( Max ( Fo^2, 0 ) + 2 * Fc^2 ) / 3


     N      value        esd    shift/esd  parameter

     1    39.71717     0.89620     0.000    OSF

 Mean shift/esd =   0.001  Maximum =    -0.004 for   x  C1       

 Max. shift = 0.000 A for C1        Max. dU = 0.000 for C3         


 Least-squares cycle  14   Maximum vector length =  623   Memory required =     29 /   2120 /   143112

 wR2 =  0.4429 before cycle  14 for    1285 data and     89 /     89 parameters

 GooF = S =     1.423;     Restrained GooF =      1.423 for       1 restraints

 Weight = 1 / [ sigma^2(Fo^2) + ( 0.2000 * P )^2 +   0.00 * P ]   where  P = ( Max ( Fo^2, 0 ) + 2 * Fc^2 ) / 3


     N      value        esd    shift/esd  parameter

     1    39.71730     0.89620     0.000    OSF

 Mean shift/esd =   0.001  Maximum =    -0.003 for   x  C1       

 Max. shift = 0.000 A for C1        Max. dU = 0.000 for C3         


 Least-squares cycle  15   Maximum vector length =  623   Memory required =     29 /   2120 /   143112

 wR2 =  0.4429 before cycle  15 for    1285 data and     89 /     89 parameters

 GooF = S =     1.423;     Restrained GooF =      1.423 for       1 restraints

 Weight = 1 / [ sigma^2(Fo^2) + ( 0.2000 * P )^2 +   0.00 * P ]   where  P = ( Max ( Fo^2, 0 ) + 2 * Fc^2 ) / 3


     N      value        esd    shift/esd  parameter

     1    39.71738     0.89620     0.000    OSF

 Mean shift/esd =   0.000  Maximum =    -0.002 for   x  C1       

 Max. shift = 0.000 A for C1        Max. dU = 0.000 for C8         


 Least-squares cycle  16   Maximum vector length =  623   Memory required =     29 /   2120 /   143112

 wR2 =  0.4429 before cycle  16 for    1285 data and     89 /     89 parameters

 GooF = S =     1.423;     Restrained GooF =      1.423 for       1 restraints

 Weight = 1 / [ sigma^2(Fo^2) + ( 0.2000 * P )^2 +   0.00 * P ]   where  P = ( Max ( Fo^2, 0 ) + 2 * Fc^2 ) / 3


     N      value        esd    shift/esd  parameter

     1    39.71744     0.89620     0.000    OSF

 Mean shift/esd =   0.000  Maximum =    -0.001 for   x  C1       

 Max. shift = 0.000 A for C1        Max. dU = 0.000 for C8         


 Least-squares cycle  17   Maximum vector length =  623   Memory required =     29 /   2120 /   143112

 wR2 =  0.4429 before cycle  17 for    1285 data and     89 /     89 parameters

 GooF = S =     1.423;     Restrained GooF =      1.423 for       1 restraints

 Weight = 1 / [ sigma^2(Fo^2) + ( 0.2000 * P )^2 +   0.00 * P ]   where  P = ( Max ( Fo^2, 0 ) + 2 * Fc^2 ) / 3


     N      value        esd    shift/esd  parameter

     1    39.71748     0.89620     0.000    OSF

 Mean shift/esd =   0.000  Maximum =    -0.001 for   x  C1       

 Max. shift = 0.000 A for C1        Max. dU = 0.000 for C8         


 Least-squares cycle  18   Maximum vector length =  623   Memory required =     29 /   2120 /   143112

 wR2 =  0.4429 before cycle  18 for    1285 data and     89 /     89 parameters

 GooF = S =     1.423;     Restrained GooF =      1.422 for       1 restraints

 Weight = 1 / [ sigma^2(Fo^2) + ( 0.2000 * P )^2 +   0.00 * P ]   where  P = ( Max ( Fo^2, 0 ) + 2 * Fc^2 ) / 3


     N      value        esd    shift/esd  parameter

     1    39.71752     0.89619     0.000    OSF

 Mean shift/esd =   0.000  Maximum =    -0.001 for   x  C1       

 Max. shift = 0.000 A for C00L        Max. dU = 0.000 for C8       


 Least-squares cycle  19   Maximum vector length =  623   Memory required =     29 /   2120 /   143112

 wR2 =  0.4429 before cycle  19 for    1285 data and     89 /     89 parameters

 GooF = S =     1.423;     Restrained GooF =      1.423 for       1 restraints

 Weight = 1 / [ sigma^2(Fo^2) + ( 0.2000 * P )^2 +   0.00 * P ]   where  P = ( Max ( Fo^2, 0 ) + 2 * Fc^2 ) / 3


     N      value        esd    shift/esd  parameter

     1    39.71753     0.89619     0.000    OSF

 Mean shift/esd =   0.000  Maximum =     0.000 for   x  C1       

 Max. shift = 0.000 A for C1        Max. dU = 0.000 for C8         


 Least-squares cycle  20   Maximum vector length =  623   Memory required =     29 /   2120 /   143112

 wR2 =  0.4429 before cycle  20 for    1285 data and     89 /     89 parameters

 GooF = S =     1.423;     Restrained GooF =      1.423 for       1 restraints

 Weight = 1 / [ sigma^2(Fo^2) + ( 0.2000 * P )^2 +   0.00 * P ]   where  P = ( Max ( Fo^2, 0 ) + 2 * Fc^2 ) / 3


     N      value        esd    shift/esd  parameter

     1    39.71755     0.89619     0.000    OSF

 Mean shift/esd =   0.000  Maximum =     0.000 for   x  C1       

 Max. shift = 0.000 A for C00L        Max. dU = 0.000 for C8       


 Least-squares cycle  21   Maximum vector length =  623   Memory required =     29 /   2120 /   143112

 wR2 =  0.4429 before cycle  21 for    1285 data and     89 /     89 parameters

 GooF = S =     1.423;     Restrained GooF =      1.422 for       1 restraints

 Weight = 1 / [ sigma^2(Fo^2) + ( 0.2000 * P )^2 +   0.00 * P ]   where  P = ( Max ( Fo^2, 0 ) + 2 * Fc^2 ) / 3


     N      value        esd    shift/esd  parameter

     1    39.71753     0.89619     0.000    OSF

 Mean shift/esd =   0.000  Maximum =     0.000 for   x  C1       

 Max. shift = 0.000 A for C1        Max. dU = 0.000 for C8         


 Least-squares cycle  22   Maximum vector length =  623   Memory required =     29 /   2120 /   143112

 wR2 =  0.4429 before cycle  22 for    1285 data and     89 /     89 parameters

 GooF = S =     1.423;     Restrained GooF =      1.423 for       1 restraints

 Weight = 1 / [ sigma^2(Fo^2) + ( 0.2000 * P )^2 +   0.00 * P ]   where  P = ( Max ( Fo^2, 0 ) + 2 * Fc^2 ) / 3


     N      value        esd    shift/esd  parameter

     1    39.71752     0.89619     0.000    OSF

 Mean shift/esd =   0.000  Maximum =     0.000 for   x  C1       

 Max. shift = 0.000 A for C00L        Max. dU = 0.000 for C8       


 Least-squares cycle  23   Maximum vector length =  623   Memory required =     29 /   2120 /   143112

 wR2 =  0.4429 before cycle  23 for    1285 data and     89 /     89 parameters

 GooF = S =     1.423;     Restrained GooF =      1.423 for       1 restraints

 Weight = 1 / [ sigma^2(Fo^2) + ( 0.2000 * P )^2 +   0.00 * P ]   where  P = ( Max ( Fo^2, 0 ) + 2 * Fc^2 ) / 3


     N      value        esd    shift/esd  parameter

     1    39.71753     0.89619     0.000    OSF

 Mean shift/esd =   0.000  Maximum =     0.000 for   x  C1       

 Max. shift = 0.000 A for C1        Max. dU = 0.000 for C8         


 Least-squares cycle  24   Maximum vector length =  623   Memory required =     29 /   2120 /   143112

 wR2 =  0.4429 before cycle  24 for    1285 data and     89 /     89 parameters

 GooF = S =     1.423;     Restrained GooF =      1.423 for       1 restraints

 Weight = 1 / [ sigma^2(Fo^2) + ( 0.2000 * P )^2 +   0.00 * P ]   where  P = ( Max ( Fo^2, 0 ) + 2 * Fc^2 ) / 3


     N      value        esd    shift/esd  parameter

     1    39.71755     0.89619     0.000    OSF

 Mean shift/esd =   0.000  Maximum =     0.000 for   x  C1       

 Max. shift = 0.000 A for C00L        Max. dU = 0.000 for C3       


 Least-squares cycle  25   Maximum vector length =  623   Memory required =     29 /   2120 /   143112

 wR2 =  0.4429 before cycle  25 for    1285 data and     89 /     89 parameters

 GooF = S =     1.423;     Restrained GooF =      1.423 for       1 restraints

 Weight = 1 / [ sigma^2(Fo^2) + ( 0.2000 * P )^2 +   0.00 * P ]   where  P = ( Max ( Fo^2, 0 ) + 2 * Fc^2 ) / 3


     N      value        esd    shift/esd  parameter

     1    39.71755     0.89619     0.000    OSF

 Mean shift/esd =   0.000  Maximum =     0.000 for   x  C12      

 Max. shift = 0.000 A for C00L        Max. dU = 0.000 for C8       


 Least-squares cycle  26   Maximum vector length =  623   Memory required =     29 /   2120 /   143112

 wR2 =  0.4429 before cycle  26 for    1285 data and     89 /     89 parameters

 GooF = S =     1.423;     Restrained GooF =      1.423 for       1 restraints

 Weight = 1 / [ sigma^2(Fo^2) + ( 0.2000 * P )^2 +   0.00 * P ]   where  P = ( Max ( Fo^2, 0 ) + 2 * Fc^2 ) / 3


     N      value        esd    shift/esd  parameter

     1    39.71756     0.89619     0.000    OSF

 Mean shift/esd =   0.000  Maximum =     0.000 for   x  C1       

 Max. shift = 0.000 A for C1        Max. dU = 0.000 for C8         


 Least-squares cycle  27   Maximum vector length =  623   Memory required =     29 /   2120 /   143112

 wR2 =  0.4429 before cycle  27 for    1285 data and     89 /     89 parameters

 GooF = S =     1.423;     Restrained GooF =      1.423 for       1 restraints

 Weight = 1 / [ sigma^2(Fo^2) + ( 0.2000 * P )^2 +   0.00 * P ]   where  P = ( Max ( Fo^2, 0 ) + 2 * Fc^2 ) / 3


     N      value        esd    shift/esd  parameter

     1    39.71753     0.89619     0.000    OSF

 Mean shift/esd =   0.000  Maximum =     0.000 for  OSF          

 Max. shift = 0.000 A for C00L        Max. dU = 0.000 for C6       


 Least-squares cycle  28   Maximum vector length =  623   Memory required =     29 /   2120 /   143112

 wR2 =  0.4429 before cycle  28 for    1285 data and     89 /     89 parameters

 GooF = S =     1.423;     Restrained GooF =      1.423 for       1 restraints

 Weight = 1 / [ sigma^2(Fo^2) + ( 0.2000 * P )^2 +   0.00 * P ]   where  P = ( Max ( Fo^2, 0 ) + 2 * Fc^2 ) / 3


     N      value        esd    shift/esd  parameter

     1    39.71753     0.89619     0.000    OSF

 Mean shift/esd =   0.000  Maximum =     0.000 for   y  C1       

 Max. shift = 0.000 A for C00L        Max. dU = 0.000 for C8       


 Least-squares cycle  29   Maximum vector length =  623   Memory required =     29 /   2120 /   143112

 wR2 =  0.4429 before cycle  29 for    1285 data and     89 /     89 parameters

 GooF = S =     1.423;     Restrained GooF =      1.423 for       1 restraints

 Weight = 1 / [ sigma^2(Fo^2) + ( 0.2000 * P )^2 +   0.00 * P ]   where  P = ( Max ( Fo^2, 0 ) + 2 * Fc^2 ) / 3


     N      value        esd    shift/esd  parameter

     1    39.71755     0.89619     0.000    OSF

 Mean shift/esd =   0.000  Maximum =     0.000 for  OSF          

 Max. shift = 0.000 A for C1        Max. dU = 0.000 for C11        


 Least-squares cycle  30   Maximum vector length =  623   Memory required =     29 /   2120 /   143112

 wR2 =  0.4429 before cycle  30 for    1285 data and     89 /     89 parameters

 GooF = S =     1.423;     Restrained GooF =      1.423 for       1 restraints

 Weight = 1 / [ sigma^2(Fo^2) + ( 0.2000 * P )^2 +   0.00 * P ]   where  P = ( Max ( Fo^2, 0 ) + 2 * Fc^2 ) / 3


     N      value        esd    shift/esd  parameter

     1    39.71753     0.89619     0.000    OSF

 Mean shift/esd =   0.000  Maximum =     0.000 for  OSF          

 Max. shift = 0.000 A for C1        Max. dU = 0.000 for C15        


 Least-squares cycle  31   Maximum vector length =  623   Memory required =     29 /   2120 /   143112

 wR2 =  0.4429 before cycle  31 for    1285 data and     89 /     89 parameters

 GooF = S =     1.423;     Restrained GooF =      1.423 for       1 restraints

 Weight = 1 / [ sigma^2(Fo^2) + ( 0.2000 * P )^2 +   0.00 * P ]   where  P = ( Max ( Fo^2, 0 ) + 2 * Fc^2 ) / 3


     N      value        esd    shift/esd  parameter

     1    39.71755     0.89619     0.000    OSF

 Mean shift/esd =   0.000  Maximum =     0.000 for  OSF          

 Max. shift = 0.000 A for C005        Max. dU = 0.000 for C3       


 Least-squares cycle  32   Maximum vector length =  623   Memory required =     29 /   2120 /   143112

 wR2 =  0.4429 before cycle  32 for    1285 data and     89 /     89 parameters

 GooF = S =     1.423;     Restrained GooF =      1.423 for       1 restraints

 Weight = 1 / [ sigma^2(Fo^2) + ( 0.2000 * P )^2 +   0.00 * P ]   where  P = ( Max ( Fo^2, 0 ) + 2 * Fc^2 ) / 3


     N      value        esd    shift/esd  parameter

     1    39.71755     0.89619     0.000    OSF

 Mean shift/esd =   0.000  Maximum =     0.000 for   z  C16      

 Max. shift = 0.000 A for C14        Max. dU = 0.000 for C14       


 Least-squares cycle  33   Maximum vector length =  623   Memory required =     29 /   2120 /   143112

 wR2 =  0.4429 before cycle  33 for    1285 data and     89 /     89 parameters

 GooF = S =     1.423;     Restrained GooF =      1.423 for       1 restraints

 Weight = 1 / [ sigma^2(Fo^2) + ( 0.2000 * P )^2 +   0.00 * P ]   where  P = ( Max ( Fo^2, 0 ) + 2 * Fc^2 ) / 3


     N      value        esd    shift/esd  parameter

     1    39.71754     0.89619     0.000    OSF

 Mean shift/esd =   0.000  Maximum =     0.000 for   z  C004     

 Max. shift = 0.000 A for C005        Max. dU = 0.000 for C00L     


 Least-squares cycle  34   Maximum vector length =  623   Memory required =     29 /   2120 /   143112

 wR2 =  0.4429 before cycle  34 for    1285 data and     89 /     89 parameters

 GooF = S =     1.423;     Restrained GooF =      1.423 for       1 restraints

 Weight = 1 / [ sigma^2(Fo^2) + ( 0.2000 * P )^2 +   0.00 * P ]   where  P = ( Max ( Fo^2, 0 ) + 2 * Fc^2 ) / 3


     N      value        esd    shift/esd  parameter

     1    39.71756     0.89619     0.000    OSF

 Mean shift/esd =   0.000  Maximum =     0.000 for  OSF          

 Max. shift = 0.000 A for C00L        Max. dU = 0.000 for N13      


 Least-squares cycle  35   Maximum vector length =  623   Memory required =     29 /   2120 /   143112

 wR2 =  0.4429 before cycle  35 for    1285 data and     89 /     89 parameters

 GooF = S =     1.423;     Restrained GooF =      1.423 for       1 restraints

 Weight = 1 / [ sigma^2(Fo^2) + ( 0.2000 * P )^2 +   0.00 * P ]   where  P = ( Max ( Fo^2, 0 ) + 2 * Fc^2 ) / 3


     N      value        esd    shift/esd  parameter

     1    39.71754     0.89619     0.000    OSF

 Mean shift/esd =   0.000  Maximum =     0.000 for   z  C005     

 Max. shift = 0.000 A for C005        Max. dU = 0.000 for C15      


 Least-squares cycle  36   Maximum vector length =  623   Memory required =     29 /   2120 /   143112

 wR2 =  0.4429 before cycle  36 for    1285 data and     89 /     89 parameters

 GooF = S =     1.423;     Restrained GooF =      1.423 for       1 restraints

 Weight = 1 / [ sigma^2(Fo^2) + ( 0.2000 * P )^2 +   0.00 * P ]   where  P = ( Max ( Fo^2, 0 ) + 2 * Fc^2 ) / 3


     N      value        esd    shift/esd  parameter

     1    39.71755     0.89619     0.000    OSF

 Mean shift/esd =   0.000  Maximum =     0.000 for   z  C16      

 Max. shift = 0.000 A for C16        Max. dU = 0.000 for C00L      


 Least-squares cycle  37   Maximum vector length =  623   Memory required =     29 /   2120 /   143112

 wR2 =  0.4429 before cycle  37 for    1285 data and     89 /     89 parameters

 GooF = S =     1.423;     Restrained GooF =      1.423 for       1 restraints

 Weight = 1 / [ sigma^2(Fo^2) + ( 0.2000 * P )^2 +   0.00 * P ]   where  P = ( Max ( Fo^2, 0 ) + 2 * Fc^2 ) / 3


     N      value        esd    shift/esd  parameter

     1    39.71754     0.89619     0.000    OSF

 Mean shift/esd =   0.000  Maximum =     0.000 for   y  C005     

 Max. shift = 0.000 A for C005        Max. dU = 0.000 for C00L     


 Least-squares cycle  38   Maximum vector length =  623   Memory required =     29 /   2120 /   143112

 wR2 =  0.4429 before cycle  38 for    1285 data and     89 /     89 parameters

 GooF = S =     1.423;     Restrained GooF =      1.423 for       1 restraints

 Weight = 1 / [ sigma^2(Fo^2) + ( 0.2000 * P )^2 +   0.00 * P ]   where  P = ( Max ( Fo^2, 0 ) + 2 * Fc^2 ) / 3


     N      value        esd    shift/esd  parameter

     1    39.71756     0.89619     0.000    OSF

 Mean shift/esd =   0.000  Maximum =     0.000 for  OSF          

 Max. shift = 0.000 A for C16        Max. dU = 0.000 for C00L      


 Least-squares cycle  39   Maximum vector length =  623   Memory required =     29 /   2120 /   143112

 wR2 =  0.4429 before cycle  39 for    1285 data and     89 /     89 parameters

 GooF = S =     1.423;     Restrained GooF =      1.423 for       1 restraints

 Weight = 1 / [ sigma^2(Fo^2) + ( 0.2000 * P )^2 +   0.00 * P ]   where  P = ( Max ( Fo^2, 0 ) + 2 * Fc^2 ) / 3


     N      value        esd    shift/esd  parameter

     1    39.71757     0.89619     0.000    OSF

 Mean shift/esd =   0.000  Maximum =     0.000 for   y  C005     

 Max. shift = 0.000 A for C3        Max. dU = 0.000 for C14        


 Least-squares cycle  40   Maximum vector length =  623   Memory required =     29 /   2120 /   143112

 wR2 =  0.4429 before cycle  40 for    1285 data and     89 /     89 parameters

 GooF = S =     1.423;     Restrained GooF =      1.423 for       1 restraints

 Weight = 1 / [ sigma^2(Fo^2) + ( 0.2000 * P )^2 +   0.00 * P ]   where  P = ( Max ( Fo^2, 0 ) + 2 * Fc^2 ) / 3


     N      value        esd    shift/esd  parameter

     1    39.71754     0.89619     0.000    OSF

 Mean shift/esd =   0.000  Maximum =     0.000 for  OSF          

 Max. shift = 0.000 A for C00L        Max. dU = 0.000 for C8       


 Least-squares cycle  41   Maximum vector length =  623   Memory required =     29 /   2120 /   143112

 wR2 =  0.4429 before cycle  41 for    1285 data and     89 /     89 parameters

 GooF = S =     1.423;     Restrained GooF =      1.423 for       1 restraints

 Weight = 1 / [ sigma^2(Fo^2) + ( 0.2000 * P )^2 +   0.00 * P ]   where  P = ( Max ( Fo^2, 0 ) + 2 * Fc^2 ) / 3


     N      value        esd    shift/esd  parameter

     1    39.71755     0.89619     0.000    OSF

 Mean shift/esd =   0.000  Maximum =     0.000 for   z  C004     

 Max. shift = 0.000 A for C8        Max. dU = 0.000 for C00L       


 Least-squares cycle  42   Maximum vector length =  623   Memory required =     29 /   2120 /   143112

 wR2 =  0.4429 before cycle  42 for    1285 data and     89 /     89 parameters

 GooF = S =     1.423;     Restrained GooF =      1.423 for       1 restraints

 Weight = 1 / [ sigma^2(Fo^2) + ( 0.2000 * P )^2 +   0.00 * P ]   where  P = ( Max ( Fo^2, 0 ) + 2 * Fc^2 ) / 3


     N      value        esd    shift/esd  parameter

     1    39.71757     0.89619     0.000    OSF

 Mean shift/esd =   0.000  Maximum =     0.000 for  OSF          

 Max. shift = 0.000 A for C16        Max. dU = 0.000 for C8        


 Least-squares cycle  43   Maximum vector length =  623   Memory required =     29 /   2120 /   143112

 wR2 =  0.4429 before cycle  43 for    1285 data and     89 /     89 parameters

 GooF = S =     1.423;     Restrained GooF =      1.423 for       1 restraints

 Weight = 1 / [ sigma^2(Fo^2) + ( 0.2000 * P )^2 +   0.00 * P ]   where  P = ( Max ( Fo^2, 0 ) + 2 * Fc^2 ) / 3


     N      value        esd    shift/esd  parameter

     1    39.71756     0.89619     0.000    OSF

 Mean shift/esd =   0.000  Maximum =     0.000 for   y  C10      

 Max. shift = 0.000 A for C10        Max. dU = 0.000 for C00L      


 Least-squares cycle  44   Maximum vector length =  623   Memory required =     29 /   2120 /   143112

 wR2 =  0.4429 before cycle  44 for    1285 data and     89 /     89 parameters

 GooF = S =     1.423;     Restrained GooF =      1.423 for       1 restraints

 Weight = 1 / [ sigma^2(Fo^2) + ( 0.2000 * P )^2 +   0.00 * P ]   where  P = ( Max ( Fo^2, 0 ) + 2 * Fc^2 ) / 3


     N      value        esd    shift/esd  parameter

     1    39.71755     0.89619     0.000    OSF

 Mean shift/esd =   0.000  Maximum =     0.000 for   x  O9       

 Max. shift = 0.000 A for C16        Max. dU = 0.000 for C8        


 Least-squares cycle  45   Maximum vector length =  623   Memory required =     29 /   2120 /   143112

 wR2 =  0.4429 before cycle  45 for    1285 data and     89 /     89 parameters

 GooF = S =     1.423;     Restrained GooF =      1.423 for       1 restraints

 Weight = 1 / [ sigma^2(Fo^2) + ( 0.2000 * P )^2 +   0.00 * P ]   where  P = ( Max ( Fo^2, 0 ) + 2 * Fc^2 ) / 3


     N      value        esd    shift/esd  parameter

     1    39.71755     0.89619     0.000    OSF

 Mean shift/esd =   0.000  Maximum =     0.000 for   y  C004     

 Max. shift = 0.000 A for C4        Max. dU = 0.000 for C00L       


 Least-squares cycle  46   Maximum vector length =  623   Memory required =     29 /   2120 /   143112

 wR2 =  0.4429 before cycle  46 for    1285 data and     89 /     89 parameters

 GooF = S =     1.423;     Restrained GooF =      1.423 for       1 restraints

 Weight = 1 / [ sigma^2(Fo^2) + ( 0.2000 * P )^2 +   0.00 * P ]   where  P = ( Max ( Fo^2, 0 ) + 2 * Fc^2 ) / 3


     N      value        esd    shift/esd  parameter

     1    39.71757     0.89619     0.000    OSF

 Mean shift/esd =   0.000  Maximum =     0.000 for  OSF          

 Max. shift = 0.000 A for C16        Max. dU = 0.000 for C3        


 Least-squares cycle  47   Maximum vector length =  623   Memory required =     29 /   2120 /   143112

 wR2 =  0.4429 before cycle  47 for    1285 data and     89 /     89 parameters

 GooF = S =     1.423;     Restrained GooF =      1.423 for       1 restraints

 Weight = 1 / [ sigma^2(Fo^2) + ( 0.2000 * P )^2 +   0.00 * P ]   where  P = ( Max ( Fo^2, 0 ) + 2 * Fc^2 ) / 3


     N      value        esd    shift/esd  parameter

     1    39.71757     0.89619     0.000    OSF

 Mean shift/esd =   0.000  Maximum =     0.000 for   z  C16      

 Max. shift = 0.000 A for C005        Max. dU = 0.000 for C15      


 Least-squares cycle  48   Maximum vector length =  623   Memory required =     29 /   2120 /   143112

 wR2 =  0.4429 before cycle  48 for    1285 data and     89 /     89 parameters

 GooF = S =     1.423;     Restrained GooF =      1.423 for       1 restraints

 Weight = 1 / [ sigma^2(Fo^2) + ( 0.2000 * P )^2 +   0.00 * P ]   where  P = ( Max ( Fo^2, 0 ) + 2 * Fc^2 ) / 3


     N      value        esd    shift/esd  parameter

     1    39.71756     0.89619     0.000    OSF

 Mean shift/esd =   0.000  Maximum =     0.000 for   z  C16      

 Max. shift = 0.000 A for C16        Max. dU = 0.000 for C003      


 Least-squares cycle  49   Maximum vector length =  623   Memory required =     29 /   2120 /   143112

 wR2 =  0.4429 before cycle  49 for    1285 data and     89 /     89 parameters

 GooF = S =     1.423;     Restrained GooF =      1.423 for       1 restraints

 Weight = 1 / [ sigma^2(Fo^2) + ( 0.2000 * P )^2 +   0.00 * P ]   where  P = ( Max ( Fo^2, 0 ) + 2 * Fc^2 ) / 3


     N      value        esd    shift/esd  parameter

     1    39.71756     0.89619     0.000    OSF

 Mean shift/esd =   0.000  Maximum =     0.000 for   x  O9       

 Max. shift = 0.000 A for O9        Max. dU = 0.000 for O9         


 Least-squares cycle  50   Maximum vector length =  623   Memory required =     29 /   2120 /   143112

 wR2 =  0.4429 before cycle  50 for    1285 data and     89 /     89 parameters

 GooF = S =     1.423;     Restrained GooF =      1.423 for       1 restraints

 Weight = 1 / [ sigma^2(Fo^2) + ( 0.2000 * P )^2 +   0.00 * P ]   where  P = ( Max ( Fo^2, 0 ) + 2 * Fc^2 ) / 3


     N      value        esd    shift/esd  parameter

     1    39.71756     0.89619     0.000    OSF

 Mean shift/esd =   0.000  Maximum =     0.000 for   z  C16      

 Max. shift = 0.000 A for C7        Max. dU = 0.000 for C003       


 Least-squares cycle  51   Maximum vector length =  623   Memory required =     29 /   2120 /   143112

 wR2 =  0.4429 before cycle  51 for    1285 data and     89 /     89 parameters

 GooF = S =     1.423;     Restrained GooF =      1.423 for       1 restraints

 Weight = 1 / [ sigma^2(Fo^2) + ( 0.2000 * P )^2 +   0.00 * P ]   where  P = ( Max ( Fo^2, 0 ) + 2 * Fc^2 ) / 3


     N      value        esd    shift/esd  parameter

     1    39.71754     0.89619     0.000    OSF

 Mean shift/esd =   0.000  Maximum =     0.000 for  OSF          

 Max. shift = 0.000 A for O9        Max. dU = 0.000 for C2         


 Least-squares cycle  52   Maximum vector length =  623   Memory required =     29 /   2120 /   143112

 wR2 =  0.4429 before cycle  52 for    1285 data and     89 /     89 parameters

 GooF = S =     1.423;     Restrained GooF =      1.423 for       1 restraints

 Weight = 1 / [ sigma^2(Fo^2) + ( 0.2000 * P )^2 +   0.00 * P ]   where  P = ( Max ( Fo^2, 0 ) + 2 * Fc^2 ) / 3


     N      value        esd    shift/esd  parameter

     1    39.71756     0.89619     0.000    OSF

 Mean shift/esd =   0.000  Maximum =     0.000 for  OSF          

 Max. shift = 0.000 A for C16        Max. dU = 0.000 for C00L      


 Least-squares cycle  53   Maximum vector length =  623   Memory required =     29 /   2120 /   143112

 wR2 =  0.4429 before cycle  53 for    1285 data and     89 /     89 parameters

 GooF = S =     1.423;     Restrained GooF =      1.423 for       1 restraints

 Weight = 1 / [ sigma^2(Fo^2) + ( 0.2000 * P )^2 +   0.00 * P ]   where  P = ( Max ( Fo^2, 0 ) + 2 * Fc^2 ) / 3


     N      value        esd    shift/esd  parameter

     1    39.71756     0.89619     0.000    OSF

 Mean shift/esd =   0.000  Maximum =     0.000 for   z  C14      

 Max. shift = 0.000 A for C002        Max. dU = 0.000 for C2       


 Least-squares cycle  54   Maximum vector length =  623   Memory required =     29 /   2120 /   143112

 wR2 =  0.4429 before cycle  54 for    1285 data and     89 /     89 parameters

 GooF = S =     1.423;     Restrained GooF =      1.423 for       1 restraints

 Weight = 1 / [ sigma^2(Fo^2) + ( 0.2000 * P )^2 +   0.00 * P ]   where  P = ( Max ( Fo^2, 0 ) + 2 * Fc^2 ) / 3


     N      value        esd    shift/esd  parameter

     1    39.71754     0.89619     0.000    OSF

 Mean shift/esd =   0.000  Maximum =     0.000 for  OSF          

 Max. shift = 0.000 A for C00L        Max. dU = 0.000 for O9       


 Least-squares cycle  55   Maximum vector length =  623   Memory required =     29 /   2120 /   143112

 wR2 =  0.4429 before cycle  55 for    1285 data and     89 /     89 parameters

 GooF = S =     1.423;     Restrained GooF =      1.423 for       1 restraints

 Weight = 1 / [ sigma^2(Fo^2) + ( 0.2000 * P )^2 +   0.00 * P ]   where  P = ( Max ( Fo^2, 0 ) + 2 * Fc^2 ) / 3


     N      value        esd    shift/esd  parameter

     1    39.71756     0.89619     0.000    OSF

 Mean shift/esd =   0.000  Maximum =     0.000 for  OSF          

 Max. shift = 0.000 A for C005        Max. dU = 0.000 for C00L     


 Least-squares cycle  56   Maximum vector length =  623   Memory required =     29 /   2120 /   143112

 wR2 =  0.4429 before cycle  56 for    1285 data and     89 /     89 parameters

 GooF = S =     1.423;     Restrained GooF =      1.423 for       1 restraints

 Weight = 1 / [ sigma^2(Fo^2) + ( 0.2000 * P )^2 +   0.00 * P ]   where  P = ( Max ( Fo^2, 0 ) + 2 * Fc^2 ) / 3


     N      value        esd    shift/esd  parameter

     1    39.71755     0.89619     0.000    OSF

 Mean shift/esd =   0.000  Maximum =     0.000 for   z  C14      

 Max. shift = 0.000 A for C15        Max. dU = 0.000 for C3        


 Least-squares cycle  57   Maximum vector length =  623   Memory required =     29 /   2120 /   143112

 wR2 =  0.4429 before cycle  57 for    1285 data and     89 /     89 parameters

 GooF = S =     1.423;     Restrained GooF =      1.423 for       1 restraints

 Weight = 1 / [ sigma^2(Fo^2) + ( 0.2000 * P )^2 +   0.00 * P ]   where  P = ( Max ( Fo^2, 0 ) + 2 * Fc^2 ) / 3


     N      value        esd    shift/esd  parameter

     1    39.71756     0.89619     0.000    OSF

 Mean shift/esd =   0.000  Maximum =     0.000 for   x  C005     

 Max. shift = 0.000 A for C00L        Max. dU = 0.000 for C003     


 Least-squares cycle  58   Maximum vector length =  623   Memory required =     29 /   2120 /   143112

 wR2 =  0.4429 before cycle  58 for    1285 data and     89 /     89 parameters

 GooF = S =     1.423;     Restrained GooF =      1.423 for       1 restraints

 Weight = 1 / [ sigma^2(Fo^2) + ( 0.2000 * P )^2 +   0.00 * P ]   where  P = ( Max ( Fo^2, 0 ) + 2 * Fc^2 ) / 3


     N      value        esd    shift/esd  parameter

     1    39.71757     0.89619     0.000    OSF

 Mean shift/esd =   0.000  Maximum =     0.000 for  OSF          

 Max. shift = 0.000 A for C16        Max. dU = 0.000 for C12       


 Least-squares cycle  59   Maximum vector length =  623   Memory required =     29 /   2120 /   143112

 wR2 =  0.4429 before cycle  59 for    1285 data and     89 /     89 parameters

 GooF = S =     1.423;     Restrained GooF =      1.423 for       1 restraints

 Weight = 1 / [ sigma^2(Fo^2) + ( 0.2000 * P )^2 +   0.00 * P ]   where  P = ( Max ( Fo^2, 0 ) + 2 * Fc^2 ) / 3


     N      value        esd    shift/esd  parameter

     1    39.71756     0.89619     0.000    OSF

 Mean shift/esd =   0.000  Maximum =     0.000 for  OSF          

 Max. shift = 0.000 A for C002        Max. dU = 0.000 for C16      


 Least-squares cycle  60   Maximum vector length =  623   Memory required =     29 /   2120 /   143112

 wR2 =  0.4429 before cycle  60 for    1285 data and     89 /     89 parameters

 GooF = S =     1.423;     Restrained GooF =      1.423 for       1 restraints

 Weight = 1 / [ sigma^2(Fo^2) + ( 0.2000 * P )^2 +   0.00 * P ]   where  P = ( Max ( Fo^2, 0 ) + 2 * Fc^2 ) / 3


     N      value        esd    shift/esd  parameter

     1    39.71757     0.89619     0.000    OSF

 Mean shift/esd =   0.000  Maximum =     0.000 for   z  C16      

 Max. shift = 0.000 A for C16        Max. dU = 0.000 for C6        


 Least-squares cycle  61   Maximum vector length =  623   Memory required =     29 /   2120 /   143112

 wR2 =  0.4429 before cycle  61 for    1285 data and     89 /     89 parameters

 GooF = S =     1.423;     Restrained GooF =      1.423 for       1 restraints

 Weight = 1 / [ sigma^2(Fo^2) + ( 0.2000 * P )^2 +   0.00 * P ]   where  P = ( Max ( Fo^2, 0 ) + 2 * Fc^2 ) / 3


     N      value        esd    shift/esd  parameter

     1    39.71754     0.89619     0.000    OSF

 Mean shift/esd =   0.000  Maximum =     0.000 for  OSF          

 Max. shift = 0.000 A for C00L        Max. dU = 0.000 for C003     


 Least-squares cycle  62   Maximum vector length =  623   Memory required =     29 /   2120 /   143112

 wR2 =  0.4429 before cycle  62 for    1285 data and     89 /     89 parameters

 GooF = S =     1.423;     Restrained GooF =      1.423 for       1 restraints

 Weight = 1 / [ sigma^2(Fo^2) + ( 0.2000 * P )^2 +   0.00 * P ]   where  P = ( Max ( Fo^2, 0 ) + 2 * Fc^2 ) / 3


     N      value        esd    shift/esd  parameter

     1    39.71756     0.89619     0.000    OSF

 Mean shift/esd =   0.000  Maximum =     0.000 for   x  O9       

 Max. shift = 0.000 A for C00L        Max. dU = 0.000 for C004     


 Least-squares cycle  63   Maximum vector length =  623   Memory required =     29 /   2120 /   143112

 wR2 =  0.4429 before cycle  63 for    1285 data and     89 /     89 parameters

 GooF = S =     1.423;     Restrained GooF =      1.423 for       1 restraints

 Weight = 1 / [ sigma^2(Fo^2) + ( 0.2000 * P )^2 +   0.00 * P ]   where  P = ( Max ( Fo^2, 0 ) + 2 * Fc^2 ) / 3


     N      value        esd    shift/esd  parameter

     1    39.71756     0.89619     0.000    OSF

 Mean shift/esd =   0.000  Maximum =     0.000 for   z  C16      

 Max. shift = 0.000 A for C10        Max. dU = 0.000 for C15       


 Least-squares cycle  64   Maximum vector length =  623   Memory required =     29 /   2120 /   143112

 wR2 =  0.4429 before cycle  64 for    1285 data and     89 /     89 parameters

 GooF = S =     1.423;     Restrained GooF =      1.423 for       1 restraints

 Weight = 1 / [ sigma^2(Fo^2) + ( 0.2000 * P )^2 +   0.00 * P ]   where  P = ( Max ( Fo^2, 0 ) + 2 * Fc^2 ) / 3


     N      value        esd    shift/esd  parameter

     1    39.71757     0.89619     0.000    OSF

 Mean shift/esd =   0.000  Maximum =     0.000 for   z  C16      

 Max. shift = 0.000 A for C16        Max. dU = 0.000 for C16       


 Least-squares cycle  65   Maximum vector length =  623   Memory required =     29 /   2120 /   143112

 wR2 =  0.4429 before cycle  65 for    1285 data and     89 /     89 parameters

 GooF = S =     1.423;     Restrained GooF =      1.423 for       1 restraints

 Weight = 1 / [ sigma^2(Fo^2) + ( 0.2000 * P )^2 +   0.00 * P ]   where  P = ( Max ( Fo^2, 0 ) + 2 * Fc^2 ) / 3


     N      value        esd    shift/esd  parameter

     1    39.71755     0.89619     0.000    OSF

 Mean shift/esd =   0.000  Maximum =     0.000 for  OSF          

 Max. shift = 0.000 A for C005        Max. dU = 0.000 for C8       


 Least-squares cycle  66   Maximum vector length =  623   Memory required =     29 /   2120 /   143112

 wR2 =  0.4429 before cycle  66 for    1285 data and     89 /     89 parameters

 GooF = S =     1.423;     Restrained GooF =      1.423 for       1 restraints

 Weight = 1 / [ sigma^2(Fo^2) + ( 0.2000 * P )^2 +   0.00 * P ]   where  P = ( Max ( Fo^2, 0 ) + 2 * Fc^2 ) / 3


     N      value        esd    shift/esd  parameter

     1    39.71755     0.89619     0.000    OSF

 Mean shift/esd =   0.000  Maximum =     0.000 for   z  C16      

 Max. shift = 0.000 A for C8        Max. dU = 0.000 for C003       


 Least-squares cycle  67   Maximum vector length =  623   Memory required =     29 /   2120 /   143112

 wR2 =  0.4429 before cycle  67 for    1285 data and     89 /     89 parameters

 GooF = S =     1.423;     Restrained GooF =      1.423 for       1 restraints

 Weight = 1 / [ sigma^2(Fo^2) + ( 0.2000 * P )^2 +   0.00 * P ]   where  P = ( Max ( Fo^2, 0 ) + 2 * Fc^2 ) / 3


     N      value        esd    shift/esd  parameter

     1    39.71757     0.89619     0.000    OSF

 Mean shift/esd =   0.000  Maximum =     0.000 for  OSF          

 Max. shift = 0.000 A for O9        Max. dU = 0.000 for C15        


 Least-squares cycle  68   Maximum vector length =  623   Memory required =     29 /   2120 /   143112

 wR2 =  0.4429 before cycle  68 for    1285 data and     89 /     89 parameters

 GooF = S =     1.423;     Restrained GooF =      1.423 for       1 restraints

 Weight = 1 / [ sigma^2(Fo^2) + ( 0.2000 * P )^2 +   0.00 * P ]   where  P = ( Max ( Fo^2, 0 ) + 2 * Fc^2 ) / 3


     N      value        esd    shift/esd  parameter

     1    39.71755     0.89619     0.000    OSF

 Mean shift/esd =   0.000  Maximum =     0.000 for  OSF          

 Max. shift = 0.000 A for C3        Max. dU = 0.000 for C15        


 Least-squares cycle  69   Maximum vector length =  623   Memory required =     29 /   2120 /   143112

 wR2 =  0.4429 before cycle  69 for    1285 data and     89 /     89 parameters

 GooF = S =     1.423;     Restrained GooF =      1.423 for       1 restraints

 Weight = 1 / [ sigma^2(Fo^2) + ( 0.2000 * P )^2 +   0.00 * P ]   where  P = ( Max ( Fo^2, 0 ) + 2 * Fc^2 ) / 3


     N      value        esd    shift/esd  parameter

     1    39.71757     0.89619     0.000    OSF

 Mean shift/esd =   0.000  Maximum =     0.000 for  OSF          

 Max. shift = 0.000 A for O9        Max. dU = 0.000 for C00L       


 Least-squares cycle  70   Maximum vector length =  623   Memory required =     29 /   2120 /   143112

 wR2 =  0.4429 before cycle  70 for    1285 data and     89 /     89 parameters

 GooF = S =     1.423;     Restrained GooF =      1.423 for       1 restraints

 Weight = 1 / [ sigma^2(Fo^2) + ( 0.2000 * P )^2 +   0.00 * P ]   where  P = ( Max ( Fo^2, 0 ) + 2 * Fc^2 ) / 3


     N      value        esd    shift/esd  parameter

     1    39.71754     0.89619     0.000    OSF

 Mean shift/esd =   0.000  Maximum =     0.000 for  OSF          

 Max. shift = 0.000 A for C005        Max. dU = 0.000 for C6       


 Least-squares cycle  71   Maximum vector length =  623   Memory required =     29 /   2120 /   143112

 wR2 =  0.4429 before cycle  71 for    1285 data and     89 /     89 parameters

 GooF = S =     1.423;     Restrained GooF =      1.423 for       1 restraints

 Weight = 1 / [ sigma^2(Fo^2) + ( 0.2000 * P )^2 +   0.00 * P ]   where  P = ( Max ( Fo^2, 0 ) + 2 * Fc^2 ) / 3


     N      value        esd    shift/esd  parameter

     1    39.71756     0.89619     0.000    OSF

 Mean shift/esd =   0.000  Maximum =     0.000 for  OSF          

 Max. shift = 0.000 A for O9        Max. dU = 0.000 for C7         


 Least-squares cycle  72   Maximum vector length =  623   Memory required =     29 /   2120 /   143112

 wR2 =  0.4429 before cycle  72 for    1285 data and     89 /     89 parameters

 GooF = S =     1.423;     Restrained GooF =      1.423 for       1 restraints

 Weight = 1 / [ sigma^2(Fo^2) + ( 0.2000 * P )^2 +   0.00 * P ]   where  P = ( Max ( Fo^2, 0 ) + 2 * Fc^2 ) / 3


     N      value        esd    shift/esd  parameter

     1    39.71754     0.89619     0.000    OSF

 Mean shift/esd =   0.000  Maximum =     0.000 for  OSF          

 Max. shift = 0.000 A for C00L        Max. dU = 0.000 for C00L     


 Least-squares cycle  73   Maximum vector length =  623   Memory required =     29 /   2120 /   143112

 wR2 =  0.4429 before cycle  73 for    1285 data and     89 /     89 parameters

 GooF = S =     1.423;     Restrained GooF =      1.423 for       1 restraints

 Weight = 1 / [ sigma^2(Fo^2) + ( 0.2000 * P )^2 +   0.00 * P ]   where  P = ( Max ( Fo^2, 0 ) + 2 * Fc^2 ) / 3


     N      value        esd    shift/esd  parameter

     1    39.71755     0.89619     0.000    OSF

 Mean shift/esd =   0.000  Maximum =     0.000 for   x  O9       

 Max. shift = 0.000 A for O9        Max. dU = 0.000 for C15        


 Least-squares cycle  74   Maximum vector length =  623   Memory required =     29 /   2120 /   143112

 wR2 =  0.4429 before cycle  74 for    1285 data and     89 /     89 parameters

 GooF = S =     1.423;     Restrained GooF =      1.423 for       1 restraints

 Weight = 1 / [ sigma^2(Fo^2) + ( 0.2000 * P )^2 +   0.00 * P ]   where  P = ( Max ( Fo^2, 0 ) + 2 * Fc^2 ) / 3


     N      value        esd    shift/esd  parameter

     1    39.71756     0.89619     0.000    OSF

 Mean shift/esd =   0.000  Maximum =     0.000 for   z  C16      

 Max. shift = 0.000 A for C16        Max. dU = 0.000 for C00L      


 Least-squares cycle  75   Maximum vector length =  623   Memory required =     29 /   2120 /   143112

 wR2 =  0.4429 before cycle  75 for    1285 data and     89 /     89 parameters

 GooF = S =     1.423;     Restrained GooF =      1.423 for       1 restraints

 Weight = 1 / [ sigma^2(Fo^2) + ( 0.2000 * P )^2 +   0.00 * P ]   where  P = ( Max ( Fo^2, 0 ) + 2 * Fc^2 ) / 3


     N      value        esd    shift/esd  parameter

     1    39.71756     0.89619     0.000    OSF

 Mean shift/esd =   0.000  Maximum =     0.000 for   x  O9       

 Max. shift = 0.000 A for C002        Max. dU = 0.000 for C14      


 Least-squares cycle  76   Maximum vector length =  623   Memory required =     29 /   2120 /   143112

 wR2 =  0.4429 before cycle  76 for    1285 data and     89 /     89 parameters

 GooF = S =     1.423;     Restrained GooF =      1.423 for       1 restraints

 Weight = 1 / [ sigma^2(Fo^2) + ( 0.2000 * P )^2 +   0.00 * P ]   where  P = ( Max ( Fo^2, 0 ) + 2 * Fc^2 ) / 3


     N      value        esd    shift/esd  parameter

     1    39.71756     0.89619     0.000    OSF

 Mean shift/esd =   0.000  Maximum =     0.000 for   z  C16      

 Max. shift = 0.000 A for C16        Max. dU = 0.000 for C4        


 Least-squares cycle  77   Maximum vector length =  623   Memory required =     29 /   2120 /   143112

 wR2 =  0.4429 before cycle  77 for    1285 data and     89 /     89 parameters

 GooF = S =     1.423;     Restrained GooF =      1.423 for       1 restraints

 Weight = 1 / [ sigma^2(Fo^2) + ( 0.2000 * P )^2 +   0.00 * P ]   where  P = ( Max ( Fo^2, 0 ) + 2 * Fc^2 ) / 3


     N      value        esd    shift/esd  parameter

     1    39.71756     0.89619     0.000    OSF

 Mean shift/esd =   0.000  Maximum =     0.000 for   x  O9       

 Max. shift = 0.000 A for C002        Max. dU = 0.000 for O9       


 Least-squares cycle  78   Maximum vector length =  623   Memory required =     29 /   2120 /   143112

 wR2 =  0.4429 before cycle  78 for    1285 data and     89 /     89 parameters

 GooF = S =     1.423;     Restrained GooF =      1.423 for       1 restraints

 Weight = 1 / [ sigma^2(Fo^2) + ( 0.2000 * P )^2 +   0.00 * P ]   where  P = ( Max ( Fo^2, 0 ) + 2 * Fc^2 ) / 3


     N      value        esd    shift/esd  parameter

     1    39.71757     0.89619     0.000    OSF

 Mean shift/esd =   0.000  Maximum =     0.000 for   z  C16      

 Max. shift = 0.000 A for C16        Max. dU = 0.000 for C002      


 Least-squares cycle  79   Maximum vector length =  623   Memory required =     29 /   2120 /   143112

 wR2 =  0.4429 before cycle  79 for    1285 data and     89 /     89 parameters

 GooF = S =     1.423;     Restrained GooF =      1.423 for       1 restraints

 Weight = 1 / [ sigma^2(Fo^2) + ( 0.2000 * P )^2 +   0.00 * P ]   where  P = ( Max ( Fo^2, 0 ) + 2 * Fc^2 ) / 3


     N      value        esd    shift/esd  parameter

     1    39.71756     0.89619     0.000    OSF

 Mean shift/esd =   0.000  Maximum =     0.000 for  OSF          

 Max. shift = 0.000 A for O9        Max. dU = 0.000 for C8         


 Least-squares cycle  80   Maximum vector length =  623   Memory required =     29 /   2120 /   143112

 wR2 =  0.4429 before cycle  80 for    1285 data and     89 /     89 parameters

 GooF = S =     1.423;     Restrained GooF =      1.423 for       1 restraints

 Weight = 1 / [ sigma^2(Fo^2) + ( 0.2000 * P )^2 +   0.00 * P ]   where  P = ( Max ( Fo^2, 0 ) + 2 * Fc^2 ) / 3


     N      value        esd    shift/esd  parameter

     1    39.71756     0.89619     0.000    OSF

 Mean shift/esd =   0.000  Maximum =     0.000 for   x  C005     

 Max. shift = 0.000 A for C16        Max. dU = 0.000 for C003      


 Least-squares cycle  81   Maximum vector length =  623   Memory required =     29 /   2120 /   143112

 wR2 =  0.4429 before cycle  81 for    1285 data and     89 /     89 parameters

 GooF = S =     1.423;     Restrained GooF =      1.423 for       1 restraints

 Weight = 1 / [ sigma^2(Fo^2) + ( 0.2000 * P )^2 +   0.00 * P ]   where  P = ( Max ( Fo^2, 0 ) + 2 * Fc^2 ) / 3


     N      value        esd    shift/esd  parameter

     1    39.71756     0.89619     0.000    OSF

 Mean shift/esd =   0.000  Maximum =     0.000 for   x  O9       

 Max. shift = 0.000 A for O9        Max. dU = 0.000 for C15        


 Least-squares cycle  82   Maximum vector length =  623   Memory required =     29 /   2120 /   143112

 wR2 =  0.4429 before cycle  82 for    1285 data and     89 /     89 parameters

 GooF = S =     1.423;     Restrained GooF =      1.423 for       1 restraints

 Weight = 1 / [ sigma^2(Fo^2) + ( 0.2000 * P )^2 +   0.00 * P ]   where  P = ( Max ( Fo^2, 0 ) + 2 * Fc^2 ) / 3


     N      value        esd    shift/esd  parameter

     1    39.71757     0.89619     0.000    OSF

 Mean shift/esd =   0.000  Maximum =     0.000 for   z  C16      

 Max. shift = 0.000 A for C16        Max. dU = 0.000 for C16       


 Least-squares cycle  83   Maximum vector length =  623   Memory required =     29 /   2120 /   143112

 wR2 =  0.4429 before cycle  83 for    1285 data and     89 /     89 parameters

 GooF = S =     1.423;     Restrained GooF =      1.423 for       1 restraints

 Weight = 1 / [ sigma^2(Fo^2) + ( 0.2000 * P )^2 +   0.00 * P ]   where  P = ( Max ( Fo^2, 0 ) + 2 * Fc^2 ) / 3


     N      value        esd    shift/esd  parameter

     1    39.71755     0.89619     0.000    OSF

 Mean shift/esd =   0.000  Maximum =     0.000 for  OSF          

 Max. shift = 0.000 A for C002        Max. dU = 0.000 for C6       


 Least-squares cycle  84   Maximum vector length =  623   Memory required =     29 /   2120 /   143112

 wR2 =  0.4429 before cycle  84 for    1285 data and     89 /     89 parameters

 GooF = S =     1.423;     Restrained GooF =      1.423 for       1 restraints

 Weight = 1 / [ sigma^2(Fo^2) + ( 0.2000 * P )^2 +   0.00 * P ]   where  P = ( Max ( Fo^2, 0 ) + 2 * Fc^2 ) / 3


     N      value        esd    shift/esd  parameter

     1    39.71753     0.89619     0.000    OSF

 Mean shift/esd =   0.000  Maximum =     0.000 for  OSF          

 Max. shift = 0.000 A for C3        Max. dU = 0.000 for C16        


 Least-squares cycle  85   Maximum vector length =  623   Memory required =     29 /   2120 /   143112

 wR2 =  0.4429 before cycle  85 for    1285 data and     89 /     89 parameters

 GooF = S =     1.423;     Restrained GooF =      1.423 for       1 restraints

 Weight = 1 / [ sigma^2(Fo^2) + ( 0.2000 * P )^2 +   0.00 * P ]   where  P = ( Max ( Fo^2, 0 ) + 2 * Fc^2 ) / 3


     N      value        esd    shift/esd  parameter

     1    39.71758     0.89619     0.000    OSF

 Mean shift/esd =   0.000  Maximum =     0.000 for  OSF          

 Max. shift = 0.000 A for C16        Max. dU = 0.000 for C00L      


 Least-squares cycle  86   Maximum vector length =  623   Memory required =     29 /   2120 /   143112

 wR2 =  0.4429 before cycle  86 for    1285 data and     89 /     89 parameters

 GooF = S =     1.423;     Restrained GooF =      1.423 for       1 restraints

 Weight = 1 / [ sigma^2(Fo^2) + ( 0.2000 * P )^2 +   0.00 * P ]   where  P = ( Max ( Fo^2, 0 ) + 2 * Fc^2 ) / 3


     N      value        esd    shift/esd  parameter

     1    39.71757     0.89619     0.000    OSF

 Mean shift/esd =   0.000  Maximum =     0.000 for   z  C004     

 Max. shift = 0.000 A for C005        Max. dU = 0.000 for C6       


 Least-squares cycle  87   Maximum vector length =  623   Memory required =     29 /   2120 /   143112

 wR2 =  0.4429 before cycle  87 for    1285 data and     89 /     89 parameters

 GooF = S =     1.423;     Restrained GooF =      1.423 for       1 restraints

 Weight = 1 / [ sigma^2(Fo^2) + ( 0.2000 * P )^2 +   0.00 * P ]   where  P = ( Max ( Fo^2, 0 ) + 2 * Fc^2 ) / 3


     N      value        esd    shift/esd  parameter

     1    39.71757     0.89619     0.000    OSF

 Mean shift/esd =   0.000  Maximum =     0.000 for   z  C16      

 Max. shift = 0.000 A for C16        Max. dU = 0.000 for C00L      


 Least-squares cycle  88   Maximum vector length =  623   Memory required =     29 /   2120 /   143112

 wR2 =  0.4429 before cycle  88 for    1285 data and     89 /     89 parameters

 GooF = S =     1.423;     Restrained GooF =      1.423 for       1 restraints

 Weight = 1 / [ sigma^2(Fo^2) + ( 0.2000 * P )^2 +   0.00 * P ]   where  P = ( Max ( Fo^2, 0 ) + 2 * Fc^2 ) / 3


     N      value        esd    shift/esd  parameter

     1    39.71756     0.89619     0.000    OSF

 Mean shift/esd =   0.000  Maximum =     0.000 for   x  O9       

 Max. shift = 0.000 A for O9        Max. dU = 0.000 for C6         


 Least-squares cycle  89   Maximum vector length =  623   Memory required =     29 /   2120 /   143112

 wR2 =  0.4429 before cycle  89 for    1285 data and     89 /     89 parameters

 GooF = S =     1.423;     Restrained GooF =      1.423 for       1 restraints

 Weight = 1 / [ sigma^2(Fo^2) + ( 0.2000 * P )^2 +   0.00 * P ]   where  P = ( Max ( Fo^2, 0 ) + 2 * Fc^2 ) / 3


     N      value        esd    shift/esd  parameter

     1    39.71756     0.89619     0.000    OSF

 Mean shift/esd =   0.000  Maximum =     0.000 for   z  C16      

 Max. shift = 0.000 A for C002        Max. dU = 0.000 for C003     


 Least-squares cycle  90   Maximum vector length =  623   Memory required =     29 /   2120 /   143112

 wR2 =  0.4429 before cycle  90 for    1285 data and     89 /     89 parameters

 GooF = S =     1.423;     Restrained GooF =      1.423 for       1 restraints

 Weight = 1 / [ sigma^2(Fo^2) + ( 0.2000 * P )^2 +   0.00 * P ]   where  P = ( Max ( Fo^2, 0 ) + 2 * Fc^2 ) / 3


     N      value        esd    shift/esd  parameter

     1    39.71755     0.89619     0.000    OSF

 Mean shift/esd =   0.000  Maximum =     0.000 for  OSF          

 Max. shift = 0.000 A for O9        Max. dU = 0.000 for C14        


 Least-squares cycle  91   Maximum vector length =  623   Memory required =     29 /   2120 /   143112

 wR2 =  0.4429 before cycle  91 for    1285 data and     89 /     89 parameters

 GooF = S =     1.423;     Restrained GooF =      1.423 for       1 restraints

 Weight = 1 / [ sigma^2(Fo^2) + ( 0.2000 * P )^2 +   0.00 * P ]   where  P = ( Max ( Fo^2, 0 ) + 2 * Fc^2 ) / 3


     N      value        esd    shift/esd  parameter

     1    39.71756     0.89619     0.000    OSF

 Mean shift/esd =   0.000  Maximum =     0.000 for   x  C005     

 Max. shift = 0.000 A for C16        Max. dU = 0.000 for C11       


 Least-squares cycle  92   Maximum vector length =  623   Memory required =     29 /   2120 /   143112

 wR2 =  0.4429 before cycle  92 for    1285 data and     89 /     89 parameters

 GooF = S =     1.423;     Restrained GooF =      1.423 for       1 restraints

 Weight = 1 / [ sigma^2(Fo^2) + ( 0.2000 * P )^2 +   0.00 * P ]   where  P = ( Max ( Fo^2, 0 ) + 2 * Fc^2 ) / 3


     N      value        esd    shift/esd  parameter

     1    39.71757     0.89619     0.000    OSF

 Mean shift/esd =   0.000  Maximum =     0.000 for  OSF          

 Max. shift = 0.000 A for O9        Max. dU = 0.000 for C8         


 Least-squares cycle  93   Maximum vector length =  623   Memory required =     29 /   2120 /   143112

 wR2 =  0.4429 before cycle  93 for    1285 data and     89 /     89 parameters

 GooF = S =     1.423;     Restrained GooF =      1.423 for       1 restraints

 Weight = 1 / [ sigma^2(Fo^2) + ( 0.2000 * P )^2 +   0.00 * P ]   where  P = ( Max ( Fo^2, 0 ) + 2 * Fc^2 ) / 3


     N      value        esd    shift/esd  parameter

     1    39.71756     0.89619     0.000    OSF

 Mean shift/esd =   0.000  Maximum =     0.000 for   z  C16      

 Max. shift = 0.000 A for C16        Max. dU = 0.000 for C7        


 Least-squares cycle  94   Maximum vector length =  623   Memory required =     29 /   2120 /   143112

 wR2 =  0.4429 before cycle  94 for    1285 data and     89 /     89 parameters

 GooF = S =     1.423;     Restrained GooF =      1.423 for       1 restraints

 Weight = 1 / [ sigma^2(Fo^2) + ( 0.2000 * P )^2 +   0.00 * P ]   where  P = ( Max ( Fo^2, 0 ) + 2 * Fc^2 ) / 3


     N      value        esd    shift/esd  parameter

     1    39.71757     0.89619     0.000    OSF

 Mean shift/esd =   0.000  Maximum =     0.000 for   x  O9       

 Max. shift = 0.000 A for C005        Max. dU = 0.000 for C00L     


 Least-squares cycle  95   Maximum vector length =  623   Memory required =     29 /   2120 /   143112

 wR2 =  0.4429 before cycle  95 for    1285 data and     89 /     89 parameters

 GooF = S =     1.423;     Restrained GooF =      1.423 for       1 restraints

 Weight = 1 / [ sigma^2(Fo^2) + ( 0.2000 * P )^2 +   0.00 * P ]   where  P = ( Max ( Fo^2, 0 ) + 2 * Fc^2 ) / 3


     N      value        esd    shift/esd  parameter

     1    39.71756     0.89619     0.000    OSF

 Mean shift/esd =   0.000  Maximum =     0.000 for   z  C16      

 Max. shift = 0.000 A for C16        Max. dU = 0.000 for C16       


 Least-squares cycle  96   Maximum vector length =  623   Memory required =     29 /   2120 /   143112

 wR2 =  0.4429 before cycle  96 for    1285 data and     89 /     89 parameters

 GooF = S =     1.423;     Restrained GooF =      1.423 for       1 restraints

 Weight = 1 / [ sigma^2(Fo^2) + ( 0.2000 * P )^2 +   0.00 * P ]   where  P = ( Max ( Fo^2, 0 ) + 2 * Fc^2 ) / 3


     N      value        esd    shift/esd  parameter

     1    39.71755     0.89619     0.000    OSF

 Mean shift/esd =   0.000  Maximum =     0.000 for   x  O9       

 Max. shift = 0.000 A for O9        Max. dU = 0.000 for C003       


 Least-squares cycle  97   Maximum vector length =  623   Memory required =     29 /   2120 /   143112

 wR2 =  0.4429 before cycle  97 for    1285 data and     89 /     89 parameters

 GooF = S =     1.423;     Restrained GooF =      1.423 for       1 restraints

 Weight = 1 / [ sigma^2(Fo^2) + ( 0.2000 * P )^2 +   0.00 * P ]   where  P = ( Max ( Fo^2, 0 ) + 2 * Fc^2 ) / 3


     N      value        esd    shift/esd  parameter

     1    39.71756     0.89619     0.000    OSF

 Mean shift/esd =   0.000  Maximum =     0.000 for   z  C16      

 Max. shift = 0.000 A for C16        Max. dU = 0.000 for C00L      


 Least-squares cycle  98   Maximum vector length =  623   Memory required =     29 /   2120 /   143112

 wR2 =  0.4429 before cycle  98 for    1285 data and     89 /     89 parameters

 GooF = S =     1.423;     Restrained GooF =      1.423 for       1 restraints

 Weight = 1 / [ sigma^2(Fo^2) + ( 0.2000 * P )^2 +   0.00 * P ]   where  P = ( Max ( Fo^2, 0 ) + 2 * Fc^2 ) / 3


     N      value        esd    shift/esd  parameter

     1    39.71755     0.89619     0.000    OSF

 Mean shift/esd =   0.000  Maximum =     0.000 for  OSF          

 Max. shift = 0.000 A for C005        Max. dU = 0.000 for C14      


 Least-squares cycle  99   Maximum vector length =  623   Memory required =     29 /   2120 /   143112

 wR2 =  0.4429 before cycle  99 for    1285 data and     89 /     89 parameters

 GooF = S =     1.423;     Restrained GooF =      1.423 for       1 restraints

 Weight = 1 / [ sigma^2(Fo^2) + ( 0.2000 * P )^2 +   0.00 * P ]   where  P = ( Max ( Fo^2, 0 ) + 2 * Fc^2 ) / 3


     N      value        esd    shift/esd  parameter

     1    39.71755     0.89619     0.000    OSF

 Mean shift/esd =   0.000  Maximum =     0.000 for   z  C16      

 Max. shift = 0.000 A for C16        Max. dU = 0.000 for C14       


 Least-squares cycle 100   Maximum vector length =  623   Memory required =     29 /   2120 /   143112

 wR2 =  0.4429 before cycle 100 for    1285 data and     89 /     89 parameters

 GooF = S =     1.423;     Restrained GooF =      1.423 for       1 restraints

 Weight = 1 / [ sigma^2(Fo^2) + ( 0.2000 * P )^2 +   0.00 * P ]   where  P = ( Max ( Fo^2, 0 ) + 2 * Fc^2 ) / 3


     N      value        esd    shift/esd  parameter

     1    39.71757     0.89619     0.000    OSF

 Mean shift/esd =   0.000  Maximum =     0.000 for  OSF          

 Max. shift = 0.000 A for C00L        Max. dU = 0.000 for C00L     


 Largest correlation matrix elements

     0.627 z C3 / x C3                       0.584 z C12 / x C12                     0.557 z C003 / x C003
     0.602 z C6 / x C6                       0.583 z C5 / x C5                       0.554 z C2 / x C2
     0.590 z C11 / x C11                     0.571 z C14 / x C14                     0.534 z C15 / x C15
     0.589 z C004 / x C004                   0.570 z C7 / x C7                       0.532 z C16 / x C16
     0.585 z C4 / x C4                       0.566 z N13 / x N13                     0.531 z N001 / x N001
     0.585 z C10 / x C10                     0.564 z C002 / x C002                   0.509 z C00L / x C00L
     0.584 z C8 / x C8                       0.562 z C005 / x C005
     0.584 z O9 / x O9                       0.557 z C1 / x C1



  XKN in P2(1)                                                               

 ATOM           x        y        z         sof        U11      U22      U33      U23      U13      U12       Ueq

 N001        0.89034  0.34306  0.33618    1.00000    0.03924
   0.04855   0.00286  0.00238  0.00187    0.00000    0.00483

 C002        0.57942  0.81687  0.58815    1.00000    0.05794
   0.06785   0.00404  0.00311  0.00255    0.00000    0.00708

 C003        0.69250  0.53995  0.26715    1.00000    0.07098
   0.07118   0.00418  0.00349  0.00278    0.00000    0.00824

 C004        0.75094  0.61553  0.55632    1.00000    0.03738
   0.05524   0.00330  0.00262  0.00208    0.00000    0.00551

 C005        0.67388  0.78814  0.52854    1.00000    0.06953
   0.07525   0.00435  0.00364  0.00279    0.00000    0.00805

 C10         0.71664  0.48730  0.63859    1.00000    0.03974
   0.05627   0.00335  0.00261  0.00213    0.00000    0.00580

 O9          0.90672  0.73984  0.45789    1.00000    0.05597
   0.05479   0.00306  0.00260  0.00216    0.00000    0.00597

 C7          0.83448  0.49975  0.13020    1.00000    0.06056
   0.06826   0.00404  0.00335  0.00257    0.00000    0.00756

 N13         0.55118  0.70467  0.65984    1.00000    0.07214
   0.06943   0.00421  0.00320  0.00272    0.00000    0.00789

 C5          0.85922  0.58131  0.49476    1.00000    0.04518
   0.05839   0.00339  0.00282  0.00221    0.00000    0.00591

 C2          0.78805  0.44524  0.37799    1.00000    0.03530
   0.05128   0.00303  0.00245  0.00191    0.00000    0.00537

 C3          0.82901  0.17593  0.26345    1.00000    0.07074
   0.07555   0.00417  0.00365  0.00283    0.00000    0.00817

 C8          0.71081  0.44660  0.14360    1.00000    0.06289
   0.06619   0.00396  0.00326  0.00248    0.00000    0.00752

 C6          0.69584  0.23618  0.16240    1.00000    0.07235
   0.07519   0.00440  0.00365  0.00288    0.00000    0.00869

 C4          0.93766  0.45196  0.25685    1.00000    0.05801
   0.06526   0.00380  0.00315  0.00238    0.00000    0.00712

 C14         0.57073  0.40774  0.77202    1.00000    0.06333
   0.06668   0.00401  0.00340  0.00252    0.00000    0.00773

 C11         0.61827  0.53916  0.68728    1.00000    0.05539
   0.06410   0.00357  0.00314  0.00248    0.00000    0.00682

 C16         0.64334  0.24685  0.79916    1.00000    0.06474
   0.06911   0.00412  0.00344  0.00260    0.00000    0.00773

 C15         0.74459  0.19681  0.75207    1.00000    0.06950
   0.07264   0.00429  0.00372  0.00279    0.00000    0.00811

 C12         0.78261  0.32067  0.67086    1.00000    0.05319
   0.06144   0.00372  0.00291  0.00225    0.00000    0.00700

 C00L        0.86670  0.75352 -0.00878    1.00000    0.15716
   0.13332   0.00794  0.00734  0.00503    0.00000    0.01897

 C1          0.84058  0.68974  0.08697    1.00000    0.08711
   0.08676   0.00507  0.00435  0.00341    0.00000    0.00973



 Final Structure Factor Calculation for  XKN in P2(1)                                                               

 Total number of l.s. parameters =    89  Maximum vector length =  623   Memory required =     29 /   2031 /    28035

 wR2 =  0.4429 before cycle 101 for    1285 data and      0 /     89 parameters

 GooF = S =     1.423;     Restrained GooF =      1.423 for       1 restraints

 Weight = 1 / [ sigma^2(Fo^2) + ( 0.2000 * P )^2 +   0.00 * P ]   where  P = ( Max ( Fo^2, 0 ) + 2 * Fc^2 ) / 3

 wR2 = 0.4429, GooF = S = 1.423, Restrained GooF = 1.423 for all data
 R1 = 0.1765 for 868 Fo > 4sig(Fo) and 0.2113 for all 1285 data

 Occupancy sum of asymmetric unit =    22.00 for non-hydrogen and     0.00 for H and D atoms

     0  atoms may be split and     0  atoms NPD



 Analysis of variance for reflections employed in refinement      K = Mean[Fo^2] / Mean[Fc^2]  for group


 Fc/Fc(max)       0.000    0.018    0.028    0.036    0.044    0.054    0.065    0.079    0.107    0.162    1.000

 Number in group       132.     135.     128.     120.     132.     130.     126.     125.     130.     127.

            GooF      1.542    1.173    1.330    1.221    1.472    1.553    1.486    1.354    1.335    1.681

             K       10.505    1.425    1.243    1.205    1.292    1.359    1.079    1.137    1.134    0.917


 Resolution(A)    0.98     1.02     1.06     1.11     1.17     1.23     1.33     1.46     1.66     2.09     inf

 Number in group       130.     131.     126.     136.     121.     132.     128.     123.     131.     127.

            GooF      1.063    1.219    1.140    1.189    1.352    1.461    1.420    1.589    1.347    2.165

             K        1.067    1.039    1.178    1.180    1.184    1.099    1.065    1.260    1.110    0.916

             R1       0.347    0.305    0.290    0.209    0.209    0.202    0.210    0.199    0.130    0.186


 ** Extinction (EXTI) or solvent water (SWAT) correction may be required **

 Recommended weighting scheme:  WGHT    0.2000    0.0000
 [Weight parameters refined to    0.3008        0.19  but appear excessive]


 Most Disagreeable Reflections (* if suppressed or used for Rfree).
 Error/esd is calculated as sqrt(wD^2/<wD^2>) where w is given by the weight
 formula, D = Fo^2-Fc^2 and <> refers to the average over all reflections.

     h   k   l          Fo^2          Fc^2    Error/esd  Fc/Fc(max)  Resolution(A)

     0   0   3        116.88          0.11       6.45       0.011       3.52
     0   0   4         56.77          4.29       5.59       0.065       2.64
     2   2   0        173.47         31.99       4.28       0.177       2.96
     2  -2   0        194.26         31.99       4.06       0.177       2.96
     3   3   5         12.74          0.93       3.48       0.030       1.33
     1  -1   0        278.94       1021.60       3.45       1.000       5.93
     2   2   5         72.88         17.88       3.33       0.132       1.59
     3  -3   5         10.72          0.93       3.29       0.030       1.33
     2   2   7         10.04          0.74       3.29       0.027       1.26
    -4  -2   2         21.07          3.99       3.28       0.062       2.14
    -3   0  11         -0.12          2.74       3.28       0.052       1.01
    -5  -4   1          8.35          0.16       3.20       0.013       1.38
    -3  -4   3          2.43          0.02       3.13       0.005       1.55
     2  -2   7          8.65          0.74       3.06       0.027       1.26
     2  -2   5         61.90         17.88       3.04       0.132       1.59
    -1   0   5          6.42          1.92       3.03       0.043       2.21
     1  -2   0         14.78          5.40       2.98       0.073       3.43
    -1   0   1         19.39          1.39       2.92       0.037       8.83
     2   2   2         88.60         30.17       2.79       0.172       2.41
     1   1   0        355.48       1021.60       2.67       1.000       5.93
     3  -3   7         11.42          2.51       2.66       0.050       1.11
    -2  -2   2         99.70         37.39       2.60       0.191       2.81
     2  -2   2         78.24         30.17       2.54       0.172       2.41
     4   6   0         -0.04          2.47       2.53       0.049       1.10
     3  -2   8          4.46          0.06       2.49       0.008       1.07
     2   4   1          3.63          0.97       2.48       0.031       1.67
     3  -3   6         14.70          4.56       2.47       0.067       1.21
    -3   1   8          0.34          2.20       2.45       0.046       1.36
     4   4   6          5.23          0.13       2.40       0.011       1.04
     0  -1   9          6.71          2.55       2.39       0.050       1.16
    -5   2   3          8.95          2.18       2.31       0.046       1.80
     2   7   0          2.05          5.60       2.30       0.074       1.02
    -4  -2   5         12.84         29.25       2.27       0.169       1.72
    -7   3   6         10.33          2.75       2.24       0.052       1.18
     4   5   1          2.34          0.14       2.20       0.012       1.23
    -3   0   3         29.77         62.12       2.18       0.247       2.94
    -1   3   6          2.09          6.35       2.18       0.079       1.46
    -5  -1   5          9.88          3.53       2.17       0.059       1.72
    -3   5   5          2.01          0.37       2.16       0.019       1.20
     5   5   1          2.03          5.32       2.15       0.072       1.16
    -2  -5   1          0.07          1.85       2.14       0.043       1.40
    -6  -4   2          8.30         18.74       2.12       0.135       1.28
    -6   1   8          9.70          4.48       2.12       0.066       1.23
    -4  -4   5         -0.97          2.60       2.12       0.050       1.33
     3  -4   2          1.37          3.91       2.11       0.062       1.48
    -1  -1   1         32.44         66.80       2.10       0.256       5.62
     4  -4   6          4.52          0.13       2.08       0.011       1.04
    -3  -4   9          3.45          1.45       2.08       0.038       1.02
    -4   2   2         10.98          3.99       2.07       0.062       2.14
     0   0   1        171.51        338.01       2.07       0.575      10.56



 Bond lengths and angles

 N001 -          Distance        Angles
 C2        1.5135 (0.0350) 
 C4        1.3931 (0.0309)  110.82 (1.79)
 C3        1.4959 (0.0400)  109.04 (2.42) 107.90 (1.77)
                 N001            C2            C4           

 C002 -          Distance        Angles
 N13       1.2424 (0.0304) 
 C005      1.3878 (0.0470)  124.48 (2.70)
                 C002            N13          

 C003 -          Distance        Angles
 C8        1.5972 (0.0339) 
 C2        1.5034 (0.0451)  105.89 (2.41)
                 C003            C8           

 C004 -          Distance        Angles
 C10       1.4322 (0.0280) 
 C005      1.4837 (0.0415)  116.63 (2.34)
 C5        1.5404 (0.0391)  123.79 (1.96) 119.56 (1.86)
                 C004            C10           C005         

 C005 -          Distance        Angles
 C004      1.4837 (0.0415) 
 C002      1.3878 (0.0470)  118.10 (2.16)
                 C005            C004         

 C10 -           Distance        Angles
 C004      1.4322 (0.0280) 
 C12       1.3947 (0.0365)  121.40 (2.42)
 C11       1.3797 (0.0359)  116.79 (1.95) 121.78 (1.95)
                 C10             C004          C12          

 O9 -            Distance        Angles
 C5        1.3748 (0.0312) 
                 O9             

 C7 -            Distance        Angles
 C4        1.5363 (0.0485) 
 C8        1.4339 (0.0501)  105.75 (2.28)
 C1        1.4727 (0.0409)  114.78 (2.86) 115.06 (3.16)
                 C7              C4            C8           

 N13 -           Distance        Angles
 C002      1.2424 (0.0305) 
 C11       1.3886 (0.0415)  119.91 (2.92)
                 N13             C002         

 C5 -            Distance        Angles
 O9        1.3748 (0.0312) 
 C2        1.6227 (0.0343)  113.63 (1.57)
 C004      1.5404 (0.0391)  113.38 (1.77) 102.75 (2.31)
                 C5              O9            C2           

 C2 -            Distance        Angles
 N001      1.5135 (0.0350) 
 C5        1.6227 (0.0344)  109.82 (2.29)
 C003      1.5034 (0.0451)  110.48 (1.75) 114.01 (1.70)
                 C2              N001          C5           

 C3 -            Distance        Angles
 C6        1.5813 (0.0557) 
 N001      1.4959 (0.0400)  107.88 (2.22)
                 C3              C6           

 C8 -            Distance        Angles
 C7        1.4339 (0.0501) 
 C003      1.5972 (0.0339)  109.80 (2.74)
 C6        1.5616 (0.0388)  114.56 (2.76) 104.93 (1.95)
                 C8              C7            C003         

 C6 -            Distance        Angles
 C3        1.5813 (0.0557) 
 C8        1.5616 (0.0388)  105.03 (2.84)
                 C6              C3           

 C4 -            Distance        Angles
 N001      1.3931 (0.0309) 
 C7        1.5363 (0.0484)  114.05 (3.07)
                 C4              N001         

 C14 -           Distance        Angles
 C16       1.3876 (0.0465) 
 C11       1.5362 (0.0343)  112.86 (2.84)
                 C14             C16          

 C11 -           Distance        Angles
 N13       1.3886 (0.0416) 
 C10       1.3797 (0.0359)  124.01 (2.14)
 C14       1.5362 (0.0343)  115.29 (2.53) 120.62 (2.09)
                 C11             N13           C10          

 C16 -           Distance        Angles
 C14       1.3876 (0.0465) 
 C15       1.3927 (0.0507)  126.18 (2.56)
                 C16             C14          

 C15 -           Distance        Angles
 C16       1.3927 (0.0507) 
 C12       1.4220 (0.0351)  118.88 (2.65)
                 C15             C16          

 C12 -           Distance        Angles
 C15       1.4220 (0.0351) 
 C10       1.3947 (0.0366)  119.50 (2.68)
                 C12             C15          

 C00L -          Distance        Angles
 C1        1.2689 (0.0515) 
                 C00L           

 C1 -            Distance        Angles
 C00L      1.2689 (0.0516) 
 C7        1.4727 (0.0409)  131.36 (3.59)
                 C1              C00L         



 Selected torsion angles

     2.99 ( 4.24)  C10 - C004 - C005 - C002
  -178.33 ( 2.85)  C5 - C004 - C005 - C002
    -2.87 ( 5.02)  N13 - C002 - C005 - C004
   179.93 ( 2.75)  C005 - C004 - C10 - C12
     1.30 ( 4.05)  C5 - C004 - C10 - C12
    -2.05 ( 3.81)  C005 - C004 - C10 - C11
   179.33 ( 2.56)  C5 - C004 - C10 - C11
     1.60 ( 5.16)  C005 - C002 - N13 - C11
  -158.42 ( 2.38)  C10 - C004 - C5 - O9
    22.99 ( 3.71)  C005 - C004 - C5 - O9
    78.51 ( 2.90)  C10 - C004 - C5 - C2
  -100.07 ( 2.58)  C005 - C004 - C5 - C2
   -81.09 ( 2.39)  C4 - N001 - C2 - C5
   160.29 ( 1.74)  C3 - N001 - C2 - C5
    45.51 ( 3.11)  C4 - N001 - C2 - C003
   -73.11 ( 2.59)  C3 - N001 - C2 - C003
    77.56 ( 2.61)  O9 - C5 - C2 - N001
  -159.55 ( 1.56)  C004 - C5 - C2 - N001
   -47.02 ( 3.35)  O9 - C5 - C2 - C003
    75.87 ( 2.55)  C004 - C5 - C2 - C003
    16.73 ( 3.19)  C8 - C003 - C2 - N001
   140.96 ( 2.08)  C8 - C003 - C2 - C5
    48.11 ( 2.45)  C2 - N001 - C3 - C6
   -72.33 ( 2.88)  C4 - N001 - C3 - C6
    53.68 ( 2.76)  C4 - C7 - C8 - C003
   -74.09 ( 3.51)  C1 - C7 - C8 - C003
   -64.07 ( 2.77)  C4 - C7 - C8 - C6
   168.15 ( 2.41)  C1 - C7 - C8 - C6
   -70.49 ( 3.02)  C2 - C003 - C8 - C7
    53.10 ( 3.60)  C2 - C003 - C8 - C6
    21.99 ( 2.73)  N001 - C3 - C6 - C8
    44.99 ( 3.16)  C7 - C8 - C6 - C3
   -75.50 ( 3.09)  C003 - C8 - C6 - C3
   -65.00 ( 2.49)  C2 - N001 - C4 - C7
    54.32 ( 2.93)  C3 - N001 - C4 - C7
    11.72 ( 2.64)  C8 - C7 - C4 - N001
   139.67 ( 2.49)  C1 - C7 - C4 - N001
    -0.54 ( 5.06)  C002 - N13 - C11 - C10
  -177.32 ( 3.03)  C002 - N13 - C11 - C14
     0.87 ( 4.43)  C004 - C10 - C11 - N13
   178.89 ( 3.13)  C12 - C10 - C11 - N13
   177.48 ( 2.44)  C004 - C10 - C11 - C14
    -4.50 ( 4.41)  C12 - C10 - C11 - C14
  -178.38 ( 3.09)  C16 - C14 - C11 - N13
     4.73 ( 4.24)  C16 - C14 - C11 - C10
    -3.49 ( 5.12)  C11 - C14 - C16 - C15
     1.85 ( 5.75)  C14 - C16 - C15 - C12
    -1.07 ( 4.67)  C16 - C15 - C12 - C10
  -179.50 ( 2.78)  C004 - C10 - C12 - C15
     2.57 ( 4.26)  C11 - C10 - C12 - C15
   115.15 ( 6.64)  C4 - C7 - C1 - C00L
  -121.77 ( 6.58)  C8 - C7 - C1 - C00L

 R1 =  0.2014 for    698 unique reflections after merging for Fourier


 Electron density synthesis with coefficients Fo-Fc

 Highest peak    0.18  at  0.2567  0.5821  0.0191  [  2.31 A from C16 ]
 Deepest hole   -0.18  at  0.0921  0.0657  0.5827  [  1.14 A from C5 ]


 Fourier peaks appended to .res file

              x       y       z       sof     U      Peak   Distances to nearest atoms (including eq.)

 Q1    1   0.7433  0.0821  0.9809   1.00000  0.05    0.18   2.31 C16  2.49 C6  2.68 C15  2.72 C00L
 Q2    1   0.8034  0.0556  0.7793   1.00000  0.05    0.16   1.20 C15  2.25 C12  2.27 C16  3.02 C4
 Q3    1   0.7221  0.6848  0.2680   1.00000  0.05    0.15   1.10 C003  2.12 C2  2.20 C8  2.44 O9
 Q4    1   0.7362  0.0542  0.9046   1.00000  0.05    0.14   1.90 C16  2.01 C15  2.62 C00L  3.21 C14
 Q5    1   0.6644  0.1058  0.8870   1.00000  0.05    0.14   1.39 C16  2.06 C15  2.58 C14  3.12 C6
 Q6    1   0.7426  0.1404  0.4838   1.00000  0.05    0.12   2.38 C12  2.63 C2  2.76 C005  2.89 C3
 Q7    1   0.7583 -0.0152  0.0763   1.00000  0.05    0.12   2.26 C6  2.31 C1  2.40 C00L  2.42 C3
 Q8    1   0.7240  0.9996  0.6066   1.00000  0.05    0.12   1.77 C005  2.01 C002  2.12 C15  2.47 C12
 Q9    1   0.8735  0.9807 -0.0701   1.00000  0.05    0.12   1.80 C00L  2.57 C15  2.84 C1  3.12 C16
 Q10   1   0.8234  0.9488 -0.0204   1.00000  0.05    0.12   1.49 C00L  2.21 C1  3.01 C15  3.17 C16
 Q11   1   0.8591  0.8227  0.1847   1.00000  0.05    0.11   1.42 C1  2.23 C00L  2.42 C7  2.77 C3
 Q12   1   0.6652  0.9465 -0.0028   1.00000  0.05    0.11   2.60 C00L  2.62 C1  2.75 C6  3.06 C16
 Q13   1   0.8173  0.0547  0.5625   1.00000  0.05    0.11   2.37 C12  2.43 C005  2.67 C15  2.87 O9
 Q14   1   0.8725  1.0227  0.0811   1.00000  0.05    0.11   2.19 C00L  2.45 C1  2.48 C3  2.81 C6
 Q15   1   0.6173  0.8920  0.6033   1.00000  0.05    0.11   0.67 C002  1.39 C005  1.74 N13  2.62 C004
 Q16   1   0.4037  0.3685  0.8569   1.00000  0.05    0.11   2.29 C14  2.79 C003  2.87 C6  2.97 C16
 Q17   1   0.5897 -0.0746  0.8767   1.00000  0.05    0.11   2.62 C16  2.82 N13  3.07 C003  3.11 C00L
 Q18   1   0.8604  0.0881  0.1955   1.00000  0.05    0.10   1.12 C3  2.00 C6  2.38 N001  2.80 C4
 Q19   1   0.9015  0.8551 -0.1347   1.00000  0.05    0.10   1.72 C00L  2.60 C4  2.99 C1  3.01 C7
 Q20   1   0.5386  0.9522  0.7836   1.00000  0.05    0.10   2.30 N13  2.40 C16  2.45 C003  2.54 C002
 Q21   1   0.7007  0.7938 -0.0352   1.00000  0.05    0.10   1.74 C00L  1.85 C1  2.90 C7  3.20 C8
 Q22   1   1.0131  0.3887  0.2264   1.00000  0.05    0.10   1.07 C4  2.05 C7  2.08 N001  2.64 C3
 Q23   1   0.7484  0.0233  0.1918   1.00000  0.05    0.09   1.48 C3  1.65 C6  2.97 N001  2.99 C1
 Q24   1   0.4598  0.4078  0.7992   1.00000  0.05    0.09   1.32 C14  2.29 C16  2.58 C11  3.00 N13
 Q25   1   0.5089  0.7802  0.8351   1.00000  0.05    0.09   2.20 N13  2.23 C6  2.73 C8  2.83 C003
 Q26   1   0.7450  0.0666  0.3244   1.00000  0.05    0.09   1.51 C3  2.11 C6  2.53 N001  2.83 C2
 Q27   1   0.8251  0.7841  0.1127   1.00000  0.05    0.09   0.78 C1  1.56 C00L  2.08 C7  2.82 C8
 Q28   1   0.7016  0.8603  0.6826   1.00000  0.05    0.09   1.44 C002  1.73 C005  1.92 N13  2.43 C004
 Q29   1   0.5353  0.2644  0.0032   1.00000  0.05    0.08   2.06 C6  2.43 C8  2.85 C16  2.90 C14
 Q30   1   0.6166  0.0349  0.2446   1.00000  0.05    0.08   2.05 C6  2.17 C14  2.45 C3  2.66 N13
 Q31   1   0.6281  0.9774  0.4976   1.00000  0.05    0.08   1.47 C005  1.73 C002  2.72 N13  2.84 C11
 Q32   1   1.0648  0.7248 -0.0180   1.00000  0.05    0.08   2.17 C00L  2.75 C7  2.99 C1  3.03 C15
 Q33   1   0.7711  0.9667  0.4383   1.00000  0.05    0.08   2.11 C005  2.17 O9  2.69 C3  2.91 C004
 Q34   1   0.4854  0.3385 -0.0252   1.00000  0.05    0.08   2.66 C6  2.68 C8  2.73 C14  3.03 C16
 Q35   1   0.7986  0.1827  0.2420   1.00000  0.05    0.08   0.34 C3  1.24 C6  1.67 N001  2.27 C8
 Q36   1   0.6521  0.2025  0.3259   1.00000  0.05    0.08   2.03 C6  2.22 C3  2.24 N13  2.25 C2
 Q37   1   0.9994  0.6922  0.3429   1.00000  0.05    0.07   1.88 O9  2.01 C4  2.57 C12  2.71 C5
 Q38   1   0.9881  0.8011  0.5396   1.00000  0.05    0.07   1.14 O9  1.61 N001  2.07 C5  2.42 C4
 Q39   1   0.5371  0.7959  0.5784   1.00000  0.05    0.07   0.46 C002  1.09 N13  1.72 C005  2.25 C11
 Q40   1   0.6853  0.9225  0.4640   1.00000  0.05    0.07   1.24 C005  2.18 C002  2.47 C004  2.74 O9
 Q41   1   0.8942  0.8110  0.4621   1.00000  0.05    0.07   0.54 O9  1.78 C5  2.55 C004  2.68 N001
 Q42   1   0.6559  0.7886  0.7494   1.00000  0.05    0.07   1.39 N13  1.74 C002  1.94 C11  2.52 C005
 Q43   1   0.9130  0.7790  0.0277   1.00000  0.05    0.06   0.57 C00L  1.33 C1  2.60 C7  3.44 C4
 Q44   1   0.9240  0.4924  0.5560   1.00000  0.05    0.06   1.04 C5  2.06 C004  2.08 O9  2.09 C2
 Q45   1   0.6026  0.2787  0.1240   1.00000  0.05    0.06   1.01 C6  1.65 C8  2.47 C003  2.56 C3
 Q46   1   0.5410  0.1983  0.1038   1.00000  0.05    0.06   1.61 C6  2.51 C8  2.97 C14  3.05 C3
 Q47   1   0.9218  0.2832  0.6452   1.00000  0.05    0.05   1.63 C12  2.47 O9  2.61 C15  2.64 C10
 Q48   1   0.5655  0.4203  0.0523   1.00000  0.05    0.05   1.59 C8  2.05 C6  2.51 C003  2.81 C7
 Q49   1   1.0404  0.4204  0.3186   1.00000  0.05    0.05   1.13 C4  1.77 N001  2.59 C7  2.71 O9
 Q50   1   0.9545  0.6142 -0.0541   1.00000  0.05    0.05   1.57 C00L  2.33 C1  2.86 C7  3.20 C00L

 Shortest distances between peaks (including symmetry equivalents)

     29  34  0.76     11  27  0.82      4   5  0.82      1   4  0.85     45  46  0.86     31  40  0.90      9  10  0.91
     22  49  1.00     17  20  1.03     16  24  1.04     37  47  1.05     15  28  1.07     15  39  1.08     33  40  1.09
     38  41  1.11      1   5  1.13     28  42  1.13      7  12  1.14     25  46  1.15      6  13  1.17     34  48  1.17
     18  35  1.18     29  46  1.20     10  14  1.21     24  30  1.23      7  14  1.24      1   7  1.24      9  19  1.26
     29  48  1.26     12  21  1.26     18  23  1.28     45  48  1.29      4  10  1.29      1  10  1.30      8  13  1.31
     29  45  1.32     23  35  1.33      8  31  1.33     12  17  1.34      1  12  1.34     16  34  1.35      7  23  1.35
     17  25  1.36     15  31  1.36      8  15  1.38     32  50  1.38      8  28  1.39     14  18  1.40     25  45  1.40
     26  30  1.41     26  36  1.41     26  33  1.41      6  33  1.43     20  25  1.45     13  33  1.46      7  10  1.47
     26  35  1.49     30  36  1.50      4   9  1.51     23  26  1.52      5  17  1.52     27  43  1.53      1  14  1.55
     10  43  1.56     19  22  1.59     17  21  1.60      8  40  1.61      7  18  1.62      7  27  1.62     16  30  1.62
     43  50  1.65      4  12  1.65      5  12  1.68      6  40  1.69     23  30  1.69      2   9  1.70     33  41  1.70
     10  21  1.70     34  46  1.71      9  14  1.71     15  42  1.72      6  31  1.75      2   4  1.75     46  48  1.76
      6   8  1.77     10  12  1.77     21  27  1.77      4  17  1.77      6  36  1.78     13  40  1.78      7  11  1.79
     34  45  1.80      9  43  1.80      1   9  1.82     44  47  1.82      7  21  1.84     14  32  1.84     28  39  1.85
     31  33  1.85      5  20  1.85     19  43  1.85     10  19  1.85     20  42  1.86      6  26  1.86     14  27  1.87
      2  19  1.88      2   8  1.89     11  14  1.89     32  43  1.89     10  27  1.90     11  23  1.90     38  49  1.91
     12  34  1.91      2  28  1.91      4   7  1.91     15  40  1.92     16  23  1.92     30  46  1.93     39  42  1.93
     11  18  1.94     13  49  1.95     16  29  1.95     24  34  1.95     14  43  1.96     25  48  1.96     19  50  1.97
     25  29  2.00     31  39  2.01     13  31  2.01     11  43  2.02     17  42  2.03      9  32  2.04      1  17  2.04
      5  10  2.05     17  48  2.05     13  47  2.06     12  16  2.06     19  32  2.06      4  14  2.06     37  49  2.06
     35  36  2.07     14  23  2.07     14  50  2.08     25  42  2.08      4  21  2.08      3  16  2.09      8  33  2.10
     21  25  2.12     26  40  2.13     25  34  2.14     28  31  2.14     38  44  2.14     12  23  2.14     25  36  2.14
     17  34  2.14      1  21  2.14     11  37  2.15     12  27  2.15      9  50  2.16     13  37  2.17     37  41  2.17
     21  43  2.17     18  26  2.17     12  14  2.20     30  45  2.20      3  11  2.21     36  45  2.21      2   5  2.21
      5   7  2.21     35  45  2.22     23  27  2.22     17  46  2.22      1  32  2.23     30  35  2.24     25  30  2.25
      4  20  2.26      7  16  2.26     33  36  2.27      7  35  2.27     21  42  2.29      2  10  2.30     10  32  2.31
     21  34  2.32     17  45  2.32      1  18  2.32     30  33  2.33      7   9  2.33      5   9  2.33      2  22  2.33
     12  20  2.34     16  48  2.35     19  49  2.36     37  38  2.36      1  23  2.37     12  48  2.37     10  11  2.37
     38  44  2.37     24  46  2.38     13  41  2.38     12  25  2.38     18  27  2.38     36  46  2.38     40  41  2.39
     24  29  2.40     23  45  2.40     41  44  2.42      7  43  2.42     23  24  2.42     10  17  2.42      5  21  2.42
      6  47  2.42     28  40  2.42     20  48  2.43      7  17  2.43      9  21  2.43      3  27  2.43     20  45  2.43
      4  19  2.43      8  39  2.44     23  36  2.44     15  20  2.44     20  28  2.45     41  49  2.45      4  32  2.45
     19  28  2.45      5  29  2.46     30  40  2.46      2  13  2.46     14  35  2.46     17  29  2.46      2  42  2.46
      2  49  2.47      3  24  2.47      8  49  2.47      8  42  2.47     37  44  2.48     16  46  2.48     24  26  2.49
     23  46  2.49     20  21  2.50     39  40  2.50      9  22  2.50     22  32  2.51     36  40  2.51     11  21  2.51
     13  26  2.52     10  18  2.52     13  28  2.52      1   2  2.52     41  44  2.52     14  21  2.52     20  46  2.52
     12  29  2.53     38  47  2.53     11  47  2.53      3  41  2.54     20  39  2.54     18  32  2.55     33  38  2.55
      4  42  2.56     21  46  2.56     10  50  2.57      9  12  2.58     16  26  2.59     31  36  2.59     22  37  2.59
     19  42  2.59     11  12  2.61      2  15  2.61     13  15  2.61     41  47  2.61      1  27  2.61     16  21  2.62
     26  41  2.62     24  36  2.64      5  14  2.65      3  23  2.65     16  27  2.65     36  39  2.66      9  27  2.66
     13  38  2.67     21  29  2.67      1  29  2.67     22  38  2.68     46  48  2.68     26  31  2.68     47  49  2.68
     24  48  2.69     18  22  2.69      6  30  2.69      9  32  2.70     23  33  2.70     12  29  2.71      7  34  2.72
     35  46  2.72     29  48  2.72     20  36  2.73     12  18  2.73      3  33  2.73     11  16  2.73     27  37  2.74
     12  46  2.74     30  34  2.74      1  20  2.75     19  21  2.75     34  46  2.75     26  45  2.75      5  42  2.76
     13  22  2.76      4  28  2.77     24  25  2.77      3  30  2.77     10  23  2.77      7  30  2.78     33  35  2.78
      2  47  2.79     14  19  2.79     43  50  2.79      9  50  2.80     22  35  2.80      7  32  2.80      1  43  2.81
     30  31  2.81      4  43  2.81     28  49  2.81     12  46  2.81     17  28  2.81      6  15  2.82     11  35  2.82
      3  37  2.83      3  26  2.84     12  43  2.85     33  49  2.85      5  25  2.85     24  40  2.86     18  30  2.86
     22  50  2.86      7  45  2.86      6  37  2.87      7  26  2.87      2  32  2.87      1  35  2.87     11  26  2.87
     15  33  2.87     10  42  2.88     31  39  2.88     13  36  2.88     19  50  2.89      1  45  2.89     18  50  2.89
     20  34  2.89     10  50  2.90     26  46  2.90      8  47  2.90      7  46  2.90      3  40  2.90     35  38  2.90
     27  50  2.91      1  11  2.91     22  28  2.92      9  42  2.92      9  28  2.93     21  23  2.93      1  19  2.94
     23  34  2.94      6  35  2.94      9  17  2.94      5  34  2.95      5  32  2.95      6  41  2.95     21  48  2.95
     16  46  2.95      2  20  2.95     12  42  2.96      4  27  2.96     25  39  2.96     16  17  2.97      8  22  2.97
     24  45  2.97     32  50  2.97     18  45  2.97      2  17  2.98     12  24  2.98     12  45  2.98     17  29  2.99
     11  41  2.99     16  45  3.00


 Time profile in seconds
 -----------------------

      0.00: Read and process instructions
      0.00: Fit rigid groups
      0.00: Interpret restraints etc.
      0.00: Generate connectivity array
      0.00: Analyse DFIX and DANG restraints
      0.00: Analyse SAME, SADI and NCSY restraints
      0.00: Generate CHIV restraints
      0.00: Check if bonds in residues restrained
      0.00: Generate DELU and RIGU restraints
      0.00: Generate SIMU restraints
      0.00: Generate ISOR restraints
      0.00: Analyse electron density
      0.00: Analyse other restraints etc.
      0.00: Read intensity data, sort/merge etc.
      0.00: Set up constraints
      0.00: OSF, H-atoms from difference map
      0.05: Set up l.s. refinement
      0.00: Generate idealized H-atoms
      0.05: Structure factors and derivatives
      0.03: Sum l.s. matrices
      0.00: Generate and apply antibumping restraints
      0.01: Apply other restraints
      0.01: Solve l.s. equations
      0.00: Generate HTAB table
      0.03: Other dependent quantities, CIF, tables
      0.00: Analysis of variance
      0.00: Merge reflections for Fourier and .fcf
      0.00: Fourier summations
      0.00: Peaksearch
      0.00: Analyse peaklist

 ** WARNING: These times are only approximate for multiple threads.
             To get better estimates run with -t1 **

   Please cite: G.M. Sheldrick (2015) "Crystal structure refinement with
   SHELXL", Acta Cryst., C71, 3-8 (Open Access) if SHELXL proves useful.

 +++++++++++++++++++++++++++++++++++++++++++++++++++++++++++++++++++++++++++++
 +  shelxl        finished at 10:52:42   Total elapsed time:      0.19 secs  +
 +++++++++++++++++++++++++++++++++++++++++++++++++++++++++++++++++++++++++++++
